Iteration	Posterior	Likelihood	Prior	rate_log_sd	root_freqs[1]	root_freqs[2]	tree_length
0	-28.73025	-52.87779	24.14754	0.5588717	0.416866	0.583134	0.7776958
6	-29.85309	-52.81527	22.96217	0.5518376	0.792568	0.207432	1.790989
12	-36.01791	-58.13478	22.11687	1.39714	0.908992	0.0910075	1.790989
18	-37.92835	-61.31567	23.38731	1.424481	0.603986	0.396014	0.5671313
24	-37.99602	-60.30255	22.30653	2.119843	0.793874	0.206126	1.083541
30	-37.17994	-60.29832	23.11837	1.701571	0.823194	0.176806	0.4919914
36	-28.29073	-51.277	22.98627	1.751772	0.875806	0.124194	0.3238499
42	-30.53339	-53.93081	23.39742	1.356986	0.931565	0.0684351	0.7037163
48	-33.01082	-53.54367	20.53286	0.4229576	0.900561	0.0994388	3.388965
54	-31.49565	-55.01809	23.52243	0.7369291	0.353581	0.646419	1.230735
60	-29.10065	-52.53781	23.43717	1.377779	0.818177	0.181823	0.5523622
66	-36.99089	-61.08194	24.09105	0.6786254	0.450081	0.549919	0.675976
72	-29.16632	-52.58197	23.41565	0.9643119	0.407335	0.592665	1.125939
78	-31.79501	-53.01199	21.21698	0.3399169	0.809719	0.190281	3.032925
84	-33.36968	-54.7794	21.40972	0.1471833	0.825218	0.174782	3.032925
90	-43.22425	-66.61297	23.38872	0.3665762	0.179953	0.820047	1.620255
96	-38.28007	-62.6822	24.40212	0.05218599	0.824795	0.175205	1.057329
102	-39.61768	-62.60833	22.99064	1.736438	0.824795	0.175205	0.7476771
108	-36.07138	-59.39354	23.32216	1.404921	0.922879	0.0771211	0.7476771
114	-31.208	-54.33422	23.12622	1.692461	0.628492	0.371508	0.5268484
120	-49.26572	-65.50698	16.24126	8.517278	0.944087	0.0559135	0.6964957
126	-41.48978	-64.24678	22.75699	1.812538	0.708181	0.291819	0.9419354
132	-38.83972	-61.52698	22.68726	2.132119	0.308417	0.691583	0.4815432
138	-34.62306	-56.51609	21.89303	1.872382	0.785613	0.214387	1.612928
144	-42.50604	-61.95281	19.44678	0.2935135	0.795052	0.204948	4.09084
150	-45.49967	-66.25721	20.75753	0.3595666	0.806211	0.193789	3.294132
156	-41.24439	-62.10186	20.85747	0.2596281	0.818002	0.181998	3.294132
162	-40.15374	-60.60179	20.44805	3.950687	0.973186	0.0268144	0.1693514
168	-40.43424	-62.56057	22.12632	1.710762	0.61618	0.38382	1.560605
174	-37.93134	-60.13974	22.2084	1.185972	0.653019	0.346981	1.873266
180	-32.21327	-55.89079	23.67751	0.1484646	0.456702	0.543298	1.568766
186	-32.91041	-56.43278	23.52236	0.4390583	0.63694	0.36306	1.467772
192	-36.08679	-58.78667	22.69988	0.5768826	0.634901	0.365099	1.952883
198	-38.52888	-61.48102	22.95214	0.04066615	0.848813	0.151187	2.140797
204	-36.06411	-58.72788	22.66378	1.04342	0.790522	0.209478	1.654875
210	-37.63705	-61.19923	23.56218	1.169274	0.533426	0.466574	0.7410181
216	-41.93576	-64.22813	22.29237	0.9511257	0.578945	0.421055	1.975196
222	-38.61164	-62.06643	23.45479	0.7208323	0.659276	0.340724	1.299968
228	-37.84531	-60.5327	22.68739	1.993578	0.542951	0.457049	0.2804568
234	-32.3362	-55.0236	22.68739	1.993578	0.281161	0.718839	0.2804568
240	-34.9933	-57.80724	22.81394	1.993578	0.403805	0.596195	0.4248891
246	-30.24525	-53.08803	22.84278	1.236667	0.876063	0.123937	1.376748
252	-35.42422	-59.4566	24.03239	0.7561226	0.593305	0.406695	0.636365
258	-31.27665	-55.02347	23.74682	0.5923888	0.924315	0.0756848	1.162134
264	-36.28973	-59.19968	22.90996	0.9830736	0.814606	0.185394	1.51918
270	-32.79131	-54.33869	21.54738	1.09636	0.915064	0.0849361	2.365166
276	-27.3547	-50.97402	23.61932	0.5181156	0.853997	0.146003	1.330774
282	-29.84518	-51.47244	21.62725	1.236894	0.696825	0.303175	2.224246
288	-26.55769	-49.96831	23.41062	1.069603	0.84054	0.15946	1.032478
294	-32.80909	-55.67697	22.86788	1.612348	0.439056	0.560944	1.032478
300	-28.99369	-51.84071	22.84703	0.133313	0.939796	0.0602038	2.148925
306	-27.56626	-51.03277	23.46652	0.7566063	0.673551	0.326449	1.261002
312	-35.10416	-57.10471	22.00055	0.5901757	0.682159	0.317841	2.398715
318	-34.91399	-56.18695	21.27295	0.4145366	0.891175	0.108825	2.954537
324	-37.73324	-60.96502	23.23178	0.1218492	0.965856	0.0341444	1.900982
330	-30.25133	-53.66641	23.41508	1.382311	0.505702	0.494298	0.6141995
336	-31.78672	-55.01385	23.22713	1.425915	0.829632	0.170368	0.8471448
342	-34.19244	-57.4353	23.24286	1.281344	0.66656	0.33344	0.9889557
348	-41.68034	-65.11957	23.43922	1.120964	0.435498	0.564502	0.9518355
354	-32.73927	-55.91896	23.17969	1.533297	0.872577	0.127423	0.76838
360	-34.04903	-58.55324	24.50421	0.09592208	0.799659	0.200341	0.9086435
366	-39.52244	-59.93837	20.41594	2.128077	0.451544	0.548456	2.428174
372	-34.26643	-56.78219	22.51576	0.8689829	0.615966	0.384034	1.879829
378	-35.25224	-58.21006	22.95782	1.122848	0.555012	0.444988	1.375787
384	-32.03521	-55.43624	23.40103	1.284326	0.798646	0.201354	0.8062491
390	-31.65243	-55.08378	23.43135	0.6259165	0.671234	0.328766	1.394106
396	-32.45521	-55.37693	22.92171	0.09925678	0.772882	0.227118	2.122399
402	-36.86244	-59.64773	22.78529	0.4955782	0.773487	0.226513	1.950124
408	-27.09033	-50.50151	23.41118	0.7867661	0.706238	0.293762	1.281752
414	-27.29351	-50.58931	23.2958	1.314949	0.991092	0.00890769	0.8967408
420	-27.98207	-51.11726	23.1352	0.8268402	0.817877	0.182123	1.467307
426	-28.26922	-51.37029	23.10107	1.687109	0.809438	0.190562	0.6371434
432	-31.90518	-55.0672	23.16203	1.657741	0.342121	0.657879	0.5125089
438	-33.51763	-55.32084	21.80321	2.536492	0.194548	0.805452	0.1551822
444	-34.25534	-55.21366	20.95833	2.811611	0.756217	0.243783	0.07473427
450	-35.53821	-58.26753	22.72931	1.923652	0.632217	0.367783	0.8472467
456	-40.01585	-63.68612	23.67027	1.044536	0.253925	0.746075	0.7657715
462	-36.95698	-59.59513	22.63815	2.083423	0.261376	0.738624	0.7559067
468	-35.91156	-57.54732	21.63576	0.9790195	0.89046	0.10954	2.38351
474	-42.60298	-64.52666	21.92369	2.113408	0.784628	0.215372	1.40978
480	-31.79002	-55.41764	23.62763	0.9333828	0.656325	0.343675	0.9509695
486	-33.54032	-56.78046	23.24014	1.16854	0.902843	0.0971567	1.099863
492	-37.80934	-60.35041	22.54108	0.6693426	0.645736	0.354264	1.997299
498	-32.74878	-55.28986	22.54108	0.6693426	0.780337	0.219663	1.997299
504	-34.20242	-57.16969	22.96726	0.6706008	0.819518	0.180482	1.704238
510	-29.08977	-52.84863	23.75886	0.1781608	0.966536	0.0334635	1.486214
516	-29.27832	-52.54087	23.26255	0.4736385	0.566089	0.433911	1.634045
522	-36.18465	-58.76725	22.5826	1.178745	0.358032	0.641968	1.615875
528	-29.21084	-53.34871	24.13787	0.3956843	0.365612	0.634388	0.9794574
534	-26.78001	-49.91988	23.13987	0.02175376	0.81956	0.18044	2.029758
540	-26.44997	-50.64002	24.19005	0.09697343	0.756581	0.243419	1.207284
546	-28.68275	-52.25785	23.57511	1.244661	0.614516	0.385484	0.5125122
552	-29.69299	-52.90344	23.21045	1.216856	0.799045	0.200955	1.082672
558	-32.02112	-54.55321	22.53208	1.051395	0.480777	0.519223	1.742543
564	-27.00039	-49.92475	22.92435	1.016414	0.837699	0.162301	1.483392
570	-33.86266	-56.43745	22.57479	1.036313	0.631491	0.368509	1.723132
576	-32.95096	-56.00267	23.05171	0.8001922	0.712933	0.287067	1.549687
582	-32.46655	-56.30681	23.84026	0.4633589	0.743974	0.256026	1.193063
588	-34.10158	-56.95943	22.85785	1.940495	0.742094	0.257906	0.4028864
594	-31.42106	-55.06546	23.6444	1.151856	0.840164	0.159836	0.617206
600	-31.21501	-53.5148	22.29979	0.4399985	0.840164	0.159836	2.304053
606	-34.93378	-57.6269	22.69312	1.849406	0.396058	0.603942	0.9702389
612	-37.12034	-58.15173	21.03139	1.849406	0.994228	0.00577168	2.213503
618	-35.23579	-56.85591	21.62012	2.520919	0.329517	0.670483	0.1181374
624	-32.66877	-54.92654	22.25777	2.520919	0.410336	0.589664	0.6579654
630	-29.09108	-52.1152	23.02413	1.792493	0.96621	0.03379	0.4595998
636	-40.57507	-64.11848	23.54341	1.214796	0.8092	0.1908	0.6970722
642	-36.83444	-57.38989	20.55545	1.144689	0.586824	0.413176	2.946922
648	-33.0738	-56.0516	22.9778	0.6043564	0.649902	0.350098	1.743469
654	-32.14318	-55.37115	23.22797	0.4607947	0.159741	0.840259	1.668061
660	-32.54858	-55.69759	23.14901	1.572275	0.422098	0.577902	0.3093881
666	-30.35664	-53.77613	23.4195	1.367431	0.85832	0.14168	0.382067
672	-30.09105	-53.66221	23.57115	0.7764175	0.727585	0.272415	1.154779
678	-26.67722	-50.67336	23.99614	0.3514347	0.817596	0.182404	1.154779
684	-28.87128	-52.30583	23.43456	1.238816	0.587228	0.412772	0.821788
690	-29.48845	-52.69037	23.20192	0.9492587	0.79065	0.20935	1.31974
696	-32.27224	-54.7432	22.47096	0.5766585	0.661937	0.338063	2.104946
702	-34.02042	-57.99109	23.97067	0.1915532	0.880716	0.119284	1.310832
708	-33.45388	-56.28487	22.83099	1.815876	0.879299	0.120701	0.2603922
714	-37.13282	-58.49817	21.36535	1.966237	0.56823	0.43177	1.915915
720	-35.52274	-58.75697	23.23423	1.472244	0.860534	0.139466	0.7776119
726	-31.88531	-55.59871	23.7134	0.6239215	0.707073	0.292927	1.163794
732	-31.74669	-55.59599	23.84931	0.2515084	0.535458	0.464542	1.359913
738	-34.26774	-56.02686	21.75911	0.3352424	0.844056	0.155944	2.707434
744	-33.83721	-57.88423	24.04702	0.6187442	0.450865	0.549135	0.8314108
750	-41.74545	-63.29834	21.55288	3.026072	0.402473	0.597527	0.2280605
756	-38.10962	-61.63981	23.53019	1.242625	0.231134	0.768866	0.3616162
762	-32.15246	-55.90457	23.75211	0.4719954	0.431558	0.568442	1.26019
768	-33.24612	-56.40044	23.15432	1.327378	0.37713	0.62287	1.031052
774	-33.01668	-56.49526	23.47858	0.1517774	0.587002	0.412998	1.709544
780	-30.06169	-53.97288	23.9112	0.1559539	0.88471	0.11529	1.386384
786	-30.25396	-54.16269	23.90873	0.1584232	0.540539	0.459461	1.386384
792	-32.78794	-55.39442	22.60647	2.186863	0.728212	0.271788	0.6247021
798	-33.58884	-56.99036	23.40151	1.138982	0.955833	0.0441672	0.9723341
804	-32.80679	-56.77426	23.96747	0.478618	0.39753	0.60247	1.065098
810	-35.31215	-59.37246	24.06031	0.6405591	0.945662	0.0543378	0.7853847
816	-32.24173	-55.80275	23.56102	0.6174422	0.328207	0.671793	1.297662
822	-31.67828	-54.87882	23.20054	0.146957	0.197708	0.802292	1.905142
828	-35.36334	-58.2164	22.85306	1.94221	0.611194	0.388806	0.6197839
834	-35.52305	-56.5193	20.99626	2.868909	0.534416	0.465584	0.0836861
840	-32.82145	-56.43253	23.61108	0.4058866	0.504902	0.495098	1.425332
846	-34.19169	-56.6829	22.49121	1.736008	0.603065	0.396935	1.257608
852	-28.22398	-50.6928	22.46882	1.45026	0.655641	0.344359	1.499704
858	-33.32096	-56.92504	23.60408	0.9511715	0.461288	0.538712	0.9570238
864	-33.37397	-57.22236	23.84839	0.3162279	0.999568	0.000431648	1.308893
870	-28.69897	-51.39103	22.69206	0.3594735	0.965643	0.0343565	2.102377
876	-27.87204	-50.66647	22.79443	0.206746	0.438164	0.561836	2.135334
882	-32.23643	-56.31011	24.07369	0.3671442	0.213582	0.786418	1.070047
888	-29.4685	-52.40944	22.94095	0.1052962	0.193818	0.806182	2.105848
894	-27.0665	-50.16737	23.10086	0.5697567	0.346004	0.653996	1.680992
900	-30.11225	-53.51482	23.40257	0.6217812	0.82831	0.17169	1.419636
906	-29.47558	-53.13315	23.65758	0.5154958	0.961452	0.0385479	1.302042
912	-27.88216	-51.47975	23.59759	0.5754844	0.697715	0.302285	1.302042
918	-28.20292	-51.44152	23.2386	0.1077062	0.833195	0.166805	1.905949
924	-31.53376	-54.36016	22.8264	0.2594118	0.854924	0.145076	2.079854
930	-26.39835	-49.85913	23.46078	0.09629863	0.850268	0.149732	1.761018
936	-36.80607	-56.83511	20.02905	0.9041076	0.717629	0.282371	3.402251
942	-33.4585	-55.57669	22.11818	1.539029	0.581319	0.418681	1.690524
948	-32.8925	-55.8829	22.99041	0.9643007	0.638022	0.361978	1.472859
954	-35.99914	-59.79533	23.79618	0.6128094	0.420206	0.579794	1.099578
960	-36.14623	-59.65937	23.51314	1.304793	0.666891	0.333109	0.5334386
966	-32.86125	-55.99457	23.13332	1.668368	0.217047	0.782953	0.4101411
972	-29.86996	-54.0578	24.18783	0.5737346	0.678901	0.321099	0.6910693
978	-32.43562	-56.15316	23.71755	0.8894664	0.719348	0.280652	0.9009547
984	-41.78006	-65.29017	23.51011	0.4720845	0.649493	0.350507	1.451976
990	-34.21876	-58.15897	23.94021	0.01618516	0.90793	0.0920702	1.471583
996	-34.94402	-56.62928	21.68526	0.008963414	0.450261	0.549739	2.950486
1002	-36.79244	-60.21877	23.42633	0.006963649	0.554789	0.445211	1.846649
1008	-32.66969	-56.03764	23.36795	0.06534372	0.237742	0.762258	1.846649
1014	-35.74891	-58.3103	22.56139	0.197236	0.473371	0.526629	2.292014
1020	-32.84176	-54.76708	21.92533	0.1296962	0.546158	0.453842	2.731531
1026	-28.40311	-52.39262	23.98951	0.1860194	0.880257	0.119743	1.300044
1032	-31.74141	-54.68232	22.94092	0.2569681	0.63867	0.36133	2.005653
1038	-32.46722	-55.15648	22.68926	0.6404021	0.7079	0.2921	1.917216
1044	-28.17877	-51.26083	23.08206	0.7404766	0.785449	0.214551	1.571288
1050	-29.68912	-52.86543	23.1763	0.5305923	0.93356	0.0664403	1.65509
1056	-27.11741	-50.21461	23.0972	0.5742443	0.806901	0.193099	1.680405
1062	-26.4801	-48.59972	22.11962	2.159488	0.530707	0.469293	0.1423614
1068	-30.99712	-53.17692	22.1798	2.159488	0.644932	0.355068	0.1550891
1074	-35.54177	-58.64221	23.10045	0.8867228	0.802546	0.197454	1.448178
1080	-35.48374	-57.64084	22.1571	1.951435	0.79878	0.20122	1.353803
1086	-34.80874	-57.93884	23.1301	1.689431	0.790444	0.209556	0.4836862
1092	-37.25671	-60.11344	22.85673	1.917095	0.599368	0.400632	0.3629433
1098	-33.33779	-56.23564	22.89785	1.917095	0.785891	0.214109	0.4510599
1104	-32.38582	-55.22603	22.84021	1.893826	0.836013	0.163987	0.7370337
1110	-36.05675	-57.64505	21.58831	0.6194469	0.939589	0.060411	2.637686
1116	-35.67212	-58.92981	23.25769	0.3807057	0.590774	0.409226	1.70386
1122	-28.27653	-50.9201	22.64357	0.1749876	0.862643	0.137357	2.253595
1128	-33.66939	-56.30187	22.63248	1.328987	0.757685	0.242315	1.467738
1134	-30.1038	-52.6765	22.57269	0.4840815	0.802757	0.197243	2.098938
1140	-34.33382	-56.47296	22.13913	0.8904516	0.802757	0.197243	2.116761
1146	-33.14084	-55.88601	22.74517	0.2844139	0.499712	0.500288	2.116761
1152	-28.97617	-52.14697	23.17079	0.4646497	0.350821	0.649179	1.70595
1158	-25.49458	-49.55881	24.06423	0.7144109	0.631327	0.368673	0.658068
1164	-27.07884	-51.01843	23.93959	0.5004957	0.633223	0.366777	1.070748
1170	-33.85589	-57.8176	23.96171	0.8485534	0.512173	0.487827	0.573359
1176	-28.95322	-52.5594	23.60618	0.3570962	0.395768	0.604232	1.466366
1182	-28.94849	-53.08228	24.13379	0.4293681	0.751474	0.248526	0.9486998
1188	-32.5133	-56.15688	23.64358	1.166539	0.383853	0.616147	0.4327282
1194	-33.21267	-56.48635	23.27368	0.9765332	0.50542	0.49458	1.238421
1200	-33.23741	-57.05861	23.8212	0.9936819	0.691552	0.308448	0.5526907
1206	-33.37545	-56.74278	23.36733	1.447033	0.303287	0.696713	0.5553713
1212	-31.91301	-54.73091	22.8179	1.371658	0.672914	0.327086	1.288614
1218	-32.57207	-56.13019	23.55812	0.6751421	0.313855	0.686145	1.252584
1224	-29.82566	-52.53876	22.7131	1.182389	0.908276	0.0917245	1.51735
1230	-36.29185	-59.95277	23.66092	1.158635	0.70416	0.29584	0.4840835
1236	-39.20706	-61.94962	22.74256	1.830971	0.795335	0.204665	0.2258074
1242	-29.93678	-53.21432	23.27754	1.326824	0.315993	0.684007	0.2392001
1248	-24.61816	-49.08782	24.46966	0.2640123	0.422497	0.577503	0.7375866
1254	-31.25237	-55.07367	23.82129	0.6429428	0.892275	0.107725	1.047875
1260	-29.56314	-52.85604	23.2929	1.363257	0.688446	0.311554	0.8433326
1266	-28.24901	-52.69549	24.44648	0.2611001	0.461463	0.538537	0.7760491
1272	-32.12381	-53.99361	21.8698	0.2194387	0.205093	0.794907	2.710568
1278	-34.37364	-56.36497	21.99133	0.09791364	0.815922	0.184078	2.710568
1284	-33.8427	-55.47648	21.63378	0.679151	0.58433	0.41567	2.572606
1290	-32.01029	-55.6053	23.59502	1.207956	0.960252	0.039748	0.5982563
1296	-32.33994	-54.94909	22.60915	0.5536392	0.725015	0.274985	2.02898
1302	-27.1962	-50.57647	23.38027	0.8664967	0.641943	0.358057	1.241309
1308	-26.69646	-51.1163	24.41984	0.3552941	0.43788	0.56212	0.6652417
1314	-29.15182	-53.29913	24.14731	0.6010902	0.750738	0.249262	0.7139176
1320	-25.80416	-49.55281	23.74865	1.03558	0.691426	0.308574	0.6460795
1326	-27.2058	-51.16158	23.95578	0.2384663	0.793852	0.206148	1.284783
1332	-27.25325	-51.29655	24.04329	0.2720718	0.695982	0.304018	1.182921
1338	-30.99399	-54.25406	23.26007	0.870819	0.490502	0.509498	1.336013
1344	-33.47047	-56.09675	22.62628	1.33159	0.482756	0.517244	1.470468
1350	-35.17586	-57.36172	22.18586	0.6413169	0.202531	0.797469	2.248054
1356	-34.6651	-58.17762	23.51252	0.5497834	0.538711	0.461289	1.390176
1362	-36.12441	-59.80672	23.6823	0.5540671	0.868368	0.131632	1.249995
1368	-34.2235	-57.9646	23.7411	0.3468905	0.883968	0.116032	1.370037
1374	-30.33657	-54.67599	24.33943	0.3524487	0.573302	0.426698	0.797596
1380	-38.54886	-61.00208	22.45322	1.017587	0.610992	0.389008	1.820862
1386	-34.13193	-57.40188	23.26995	0.7733586	0.960496	0.039504	1.404961
1392	-30.22125	-53.91889	23.69764	1.106327	0.345314	0.654686	0.415544
1398	-32.74844	-56.51921	23.77077	1.048702	0.663259	0.336741	0.4828435
1404	-27.29889	-50.74216	23.44327	1.243063	0.641618	0.358382	0.8049641
1410	-29.15612	-52.7759	23.61978	0.04350245	0.452388	0.547612	1.686209
1416	-31.82798	-54.98375	23.15577	1.160025	0.389159	0.610841	1.182551
1422	-37.05853	-59.52814	22.46961	0.8697042	0.51164	0.48836	1.910684
1428	-30.99179	-54.59564	23.60385	1.173666	0.367643	0.632357	0.6603905
1434	-31.16112	-54.20906	23.04794	1.333085	0.268044	0.731956	1.124979
1440	-31.22802	-54.69295	23.46492	1.24032	0.444528	0.555472	0.2970339
1446	-35.78115	-59.22772	23.44657	0.9008246	0.843954	0.156046	1.154933
1452	-32.53684	-55.42824	22.8914	1.097709	0.729472	0.270528	1.446698
1458	-33.24259	-55.15188	21.90929	0.4677051	0.500591	0.499409	2.532771
1464	-40.1886	-61.80323	21.61463	0.7623581	0.499975	0.500025	2.532771
1470	-35.96896	-58.79036	22.8214	0.3529493	0.77596	0.22404	2.021307
1476	-35.09733	-57.24296	22.14562	2.350967	0.954067	0.0459331	1.016497
1482	-29.12057	-51.92558	22.80502	1.959738	0.861841	0.138159	0.3515966
1488	-30.6119	-52.85536	22.24347	0.3685422	0.756594	0.243406	2.385261
1494	-32.1944	-54.55152	22.35711	0.3154676	0.798263	0.201737	2.346859
1500	-30.90338	-54.63968	23.7363	0.06140546	0.517678	0.482322	1.58945
1506	-34.71072	-57.55003	22.83931	0.9123338	0.599476	0.400524	1.622896
1512	-40.37553	-59.13607	18.76054	0.8230576	0.966617	0.0333835	4.179963
1518	-39.87142	-62.49136	22.61994	0.6513432	0.522042	0.477958	1.956566
1524	-33.15251	-56.17982	23.02731	0.243969	0.396941	0.603059	1.956566
1530	-34.75638	-57.01803	22.26165	0.6267511	0.93315	0.0668501	2.208588
1536	-35.13224	-58.64341	23.51116	0.4531342	0.868342	0.131658	1.46559
1542	-34.68449	-56.24884	21.56435	0.3992608	0.575385	0.424615	2.787353
1548	-30.81863	-53.79805	22.97942	0.4266969	0.617694	0.382306	1.86525
1554	-32.4518	-55.11835	22.66654	0.1278985	0.973497	0.0265033	2.269076
1560	-26.46077	-50.03019	23.56942	0.4666015	0.595691	0.404309	1.410614
1566	-32.29016	-54.30389	22.01373	1.261007	0.630329	0.369671	1.954247
1572	-33.15287	-56.57242	23.41955	0.2184568	0.733493	0.266507	1.704138
1578	-34.59738	-56.99702	22.39964	2.342556	0.944341	0.0556591	0.7240946
1584	-36.23473	-59.93813	23.7034	1.067439	0.901988	0.0980118	0.6737223
1590	-42.49535	-63.76127	21.26592	1.400357	0.22518	0.77482	2.350861
1596	-35.89323	-58.27561	22.38238	0.9957316	0.808132	0.191868	1.884342
1602	-33.36397	-55.14014	21.77616	0.09372748	0.709628	0.290372	2.844328
1608	-34.72998	-56.30089	21.5709	0.1132709	0.900286	0.0997142	2.956532
1614	-35.886	-58.01781	22.13181	0.3423127	0.450736	0.549264	2.472078
1620	-31.24648	-54.82086	23.57438	0.8680115	0.471021	0.528979	1.068578
1626	-36.46242	-57.39763	20.93521	2.434116	0.614975	0.385025	1.890321
1632	-32.47475	-53.56813	21.09338	0.3496804	0.64342	0.35658	3.10093
1638	-32.965	-54.09462	21.12962	0.3955663	0.626994	0.373006	3.051899
1644	-34.34971	-56.13041	21.7807	2.710585	0.803914	0.196086	1.021702
1650	-37.21338	-59.49895	22.28558	0.1212128	0.920462	0.0795381	2.51419
1656	-30.14841	-53.35916	23.21074	1.419734	0.861208	0.138792	0.8740814
1662	-34.13487	-57.59477	23.4599	1.307611	0.504284	0.495716	0.6800911
1668	-38.34263	-61.4998	23.15717	1.124742	0.607263	0.392737	1.211647
1674	-36.1069	-59.86723	23.76033	0.1910408	0.241382	0.758618	1.475382
1680	-38.69521	-63.03108	24.33587	0.3194179	0.671003	0.328997	0.8444062
1686	-31.11051	-53.60892	22.49841	2.235573	0.613738	0.386262	0.7371083
1692	-32.91307	-56.32686	23.41379	0.5567686	0.598626	0.401374	1.460835
1698	-34.54298	-57.70582	23.16283	0.454349	0.554581	0.445419	1.718847
1704	-31.86547	-53.70655	21.84108	1.147209	0.926213	0.0737874	2.143746
1710	-35.41485	-58.60709	23.19224	0.8041769	0.984266	0.0157338	1.441109
1716	-37.97416	-59.24762	21.27346	0.7109313	0.676415	0.323585	2.774684
1722	-32.69039	-55.78025	23.08986	0.2263921	0.886382	0.113618	1.926279
1728	-37.03881	-59.87038	22.83157	0.484684	0.280111	0.719889	1.926279
1734	-32.69481	-55.7358	23.04098	1.242507	0.961931	0.0380687	1.210299
1740	-34.10338	-57.25998	23.15659	1.397314	0.527676	0.472324	0.9584233
1746	-35.9291	-59.13757	23.20847	1.307991	0.679221	0.320779	0.9967564
1752	-31.57745	-55.06551	23.48806	0.1751365	0.990259	0.00974079	1.686272
1758	-33.82758	-56.13176	22.30417	1.06923	0.990259	0.00974079	1.887548
1764	-34.24292	-57.85053	23.60761	0.06803232	0.878386	0.121614	1.677416
1770	-30.74045	-53.60736	22.86691	0.1425202	0.960213	0.0397873	2.12994
1776	-31.48403	-55.05417	23.57014	1.185126	0.682869	0.317131	0.702232
1782	-30.71716	-54.176	23.45884	0.8214063	0.845405	0.154595	1.213057
1788	-28.44334	-52.32469	23.88134	0.3428856	0.410366	0.589634	1.260087
1794	-30.63477	-53.93855	23.30378	1.027404	0.367229	0.632771	1.169161
1800	-34.13814	-57.74779	23.60965	0.1916582	0.534973	0.465027	1.586825
1806	-32.56325	-54.61655	22.0533	0.5934413	0.564939	0.435061	2.363262
1812	-32.5694	-54.54327	21.97388	0.6954811	0.398684	0.601316	2.348907
1818	-33.08924	-56.65215	23.56291	0.216312	0.394464	0.605536	1.602913
1824	-33.79804	-56.39829	22.60024	0.5390015	0.918667	0.0813334	2.044585
1830	-32.49322	-53.8597	21.36648	0.2106217	0.685907	0.314093	3.020826
1836	-35.18169	-59.07446	23.89277	0.1096318	0.864356	0.135644	1.436522
1842	-29.10536	-52.73584	23.63049	0.1231342	0.850565	0.149435	1.621466
1848	-29.11426	-52.1175	23.00324	0.7503821	0.254623	0.745377	1.621466
1854	-38.96349	-60.87391	21.91042	0.150143	0.812054	0.187946	2.728141
1860	-33.00788	-56.68519	23.67731	1.058361	0.803099	0.196901	0.7344774
1866	-37.10642	-60.76692	23.6605	0.6784246	0.532115	0.467885	1.162389
1872	-33.26598	-56.09658	22.8306	1.957715	0.348158	0.651842	0.6368192
1878	-35.41131	-58.46089	23.04957	1.335372	0.719543	0.280457	1.121447
1884	-37.61937	-59.98475	22.36538	2.332427	0.834189	0.165811	0.2917125
1890	-33.67546	-56.84703	23.17158	1.644399	0.887506	0.112494	0.4560917
1896	-35.63805	-58.48341	22.84536	1.96498	0.441445	0.558555	0.5730373
1902	-34.0788	-56.17848	22.09967	2.263207	0.875729	0.124271	0.1605287
1908	-39.06656	-61.51876	22.4522	2.263207	0.678283	0.321717	0.7649071
1914	-44.31543	-67.2368	22.92137	1.629007	0.949594	0.0504059	0.9621043
1920	-37.05432	-61.11484	24.06052	0.3662332	0.747004	0.252996	1.083188
1926	-36.80126	-58.34984	21.54858	0.3879825	0.288478	0.711522	2.803821
1932	-34.32154	-55.6779	21.35636	0.8125508	0.741254	0.258746	2.661624
1938	-33.02598	-56.58325	23.55727	0.8125508	0.886873	0.113127	1.135034
1944	-34.27761	-58.58899	24.31138	0.2798539	0.533887	0.466113	0.9184753
1950	-29.05033	-52.29277	23.24244	0.1462029	0.533887	0.466113	1.877172
1956	-33.76917	-56.33811	22.56894	0.001544308	0.19294	0.80706	2.411488
1962	-33.00308	-55.61901	22.61593	0.2188132	0.501819	0.498181	2.243186
1968	-40.26669	-59.74676	19.48006	0.135642	0.640458	0.359542	4.161722
1974	-33.51315	-57.13658	23.62343	0.5273822	0.826394	0.173606	1.320032
1980	-36.27855	-60.27708	23.99853	0.7789878	0.265718	0.734282	0.3679559
1986	-35.69116	-58.53698	22.84583	1.81764	0.982231	0.0177689	0.8342897
1992	-34.65357	-58.65759	24.00402	0.3800786	0.892746	0.107254	1.122209
1998	-36.58978	-59.53519	22.94541	1.438688	0.817862	0.182138	1.122209
2004	-31.78195	-54.72737	22.94541	1.438688	0.742467	0.257533	1.122209
2010	-29.25575	-52.35783	23.10209	0.6800896	0.748379	0.251621	1.600762
2016	-35.73036	-57.84896	22.1186	0.7544812	0.928484	0.0715162	2.218482
2022	-42.0551	-63.99015	21.93506	2.219794	0.700485	0.299515	1.316781
2028	-37.62084	-60.20047	22.57963	1.918186	0.938818	0.0611815	1.01529
2034	-32.43152	-54.44862	22.0171	0.5462882	0.548813	0.451187	2.415966
2040	-38.34776	-60.78089	22.43313	1.9767	0.891282	0.108718	1.098811
2046	-32.95909	-56.24468	23.28559	1.439985	0.76058	0.23942	0.7499493
2052	-32.35522	-55.7167	23.36148	1.453858	0.926334	0.0736662	0.5502431
2058	-30.17882	-54.29609	24.11727	0.4313272	0.641046	0.358954	0.963961
2064	-35.61737	-57.83657	22.2192	1.169894	0.56191	0.43809	1.876866
2070	-34.69673	-57.72235	23.02562	1.391172	0.520425	0.479575	1.092404
2076	-33.59592	-55.90413	22.30821	0.1871617	0.850042	0.149958	2.458751
2082	-28.45049	-53.04261	24.59213	0.1079269	0.795919	0.204081	0.7865052
2088	-30.99824	-54.55362	23.55538	0.5782787	0.740909	0.259091	1.333797
2094	-32.70135	-56.07971	23.37836	0.7552997	0.857599	0.142401	1.333797
2100	-31.10606	-54.62857	23.52251	1.269606	0.323946	0.676054	0.3908967
2106	-31.06915	-54.03005	22.9609	0.8920443	0.895253	0.104747	1.548917
2112	-28.22299	-51.3623	23.13931	0.7136313	0.403043	0.596957	1.548917
2118	-30.552	-52.46876	21.91676	0.8916558	0.688265	0.311735	2.260107
2124	-27.41599	-50.98615	23.57017	1.236884	0.883478	0.116522	0.4235929
2130	-30.42788	-53.89831	23.47043	1.199482	0.964526	0.0354736	0.8261941
2136	-34.05978	-57.68016	23.62038	1.199482	0.895435	0.104565	0.5104362
2142	-31.40033	-55.46258	24.06225	0.6994118	0.945717	0.054283	0.6909036
2148	-30.15159	-54.31301	24.16142	0.1740654	0.878673	0.121327	1.165402
2154	-37.00023	-57.45047	20.45024	0.10895	0.946663	0.0533368	3.620296
2160	-39.5261	-61.19379	21.66769	3.144488	0.721171	0.278829	0.5654895
2166	-37.91658	-60.75711	22.84053	1.975904	0.922452	0.0775478	0.543891
2172	-35.87712	-60.02318	24.14607	0.3271489	0.318534	0.681466	1.039256
2178	-39.74878	-58.64872	18.89994	0.875576	0.734009	0.265991	4.070768
2184	-28.17564	-52.0367	23.86106	0.1393395	0.621252	0.378748	1.438056
2190	-31.1508	-55.53658	24.38579	0.04211053	0.378254	0.621746	1.082127
2196	-35.58731	-60.00239	24.41508	0.0126309	0.619972	0.380028	1.082295
2202	-35.37592	-58.22886	22.85294	1.07713	0.644133	0.355867	1.491448
2208	-35.72601	-58.57356	22.84755	0.9733158	0.59908	0.40092	1.572515
2214	-32.36475	-55.03558	22.67083	1.103826	0.663068	0.336932	1.606229
2220	-32.54442	-54.86367	22.31925	0.7489792	0.61691	0.38309	2.091414
2226	-28.51925	-51.7975	23.27826	0.126879	0.379492	0.620508	1.865921
2232	-26.2842	-50.7382	24.454	0.04013303	0.568137	0.431863	1.018908
2238	-28.7518	-52.36967	23.61788	0.8762608	0.555941	0.444059	1.018908
2244	-34.06403	-58.09681	24.03278	0.7870687	0.675558	0.324442	0.5106013
2250	-31.21156	-54.5555	23.34394	1.424492	0.254621	0.745379	0.3560409
2256	-30.82758	-54.57051	23.74294	1.064106	0.460749	0.539251	0.5851235
2262	-34.27745	-57.83595	23.5585	0.4490916	0.728515	0.271485	1.432537
2268	-31.54806	-54.95044	23.40238	0.6052136	0.88085	0.11915	1.432537
2274	-28.26283	-52.06148	23.79865	0.7940894	0.481839	0.518161	0.9168194
2280	-37.75861	-59.24148	21.48287	0.705135	0.880231	0.119769	2.64986
2286	-24.92553	-49.16691	24.24138	0.2121569	0.665007	0.334993	1.058065
2292	-32.05179	-54.95218	22.90039	1.314629	0.402495	0.597505	1.267706
2298	-36.3648	-59.41365	23.04885	1.535816	0.760148	0.239852	0.9256448
2304	-32.72725	-55.83527	23.10802	1.661406	0.965364	0.0346357	0.3572835
2310	-34.37257	-56.7544	22.38184	2.291084	0.984403	0.0155965	0.2754184
2316	-37.58569	-59.53724	21.95156	2.291084	0.856238	0.143762	1.244764
2322	-34.16834	-56.2578	22.08946	0.767179	0.877644	0.122356	2.229087
2328	-34.77081	-58.87602	24.10521	0.6741736	0.631836	0.368164	0.6565132
2334	-36.22455	-59.95527	23.73072	1.088897	0.45669	0.54331	0.4850082
2340	-33.30481	-55.43935	22.13455	1.27507	0.862614	0.137386	1.862859
2346	-33.74934	-56.81307	23.06373	0.7191204	0.706019	0.293981	1.600272
2352	-33.19421	-56.87136	23.67715	0.8879605	0.744011	0.255989	0.9466378
2358	-33.9468	-57.9992	24.05241	0.7132858	0.58191	0.41809	0.683502
2364	-32.0664	-53.5928	21.5264	0.3001928	0.426359	0.573641	2.870571
2370	-34.89638	-57.5071	22.61072	0.4978249	0.491255	0.508745	2.064872
2376	-42.47293	-64.0429	21.56997	2.1316	0.308225	0.691775	1.658905
2382	-39.17498	-61.74849	22.57351	1.745431	0.540516	0.459484	1.179824
2388	-40.53823	-61.5416	21.00338	0.8357883	0.466538	0.533462	2.862954
2394	-25.68527	-49.70075	24.01548	0.05654145	0.266886	0.733114	1.382574
2400	-24.20556	-48.66271	24.45715	0.03023204	0.571068	0.428932	1.02552
2406	-26.82871	-50.88006	24.05135	0.436028	0.38234	0.61766	1.02552
2412	-29.85859	-53.7904	23.93181	0.6778435	0.711186	0.288814	0.8979777
2418	-33.42099	-55.88656	22.46557	1.785362	0.506612	0.493388	1.237823
2424	-34.55065	-58.74672	24.19607	0.6233128	0.360952	0.639048	0.5188357
2430	-27.26216	-51.79267	24.53051	0.2344853	0.276785	0.723215	0.6847922
2436	-30.9593	-54.51462	23.55533	0.03665325	0.88321	0.11679	1.736579
2442	-33.09214	-57.60488	24.51275	0.08714525	0.796975	0.203025	0.908908
2448	-28.33043	-52.30777	23.97734	0.2624934	0.716676	0.283324	1.247111
2454	-37.06102	-59.74862	22.6876	0.4654626	0.97887	0.0211303	2.035435
2460	-33.77885	-56.6564	22.87755	1.224969	0.740522	0.259478	1.358563
2466	-31.93591	-55.7066	23.77069	0.1272666	0.5222	0.4778	1.515505
2472	-26.38097	-50.23103	23.85006	0.1511463	0.510425	0.489575	1.437435
2478	-27.46775	-50.81047	23.34272	1.329373	0.917329	0.082671	0.8234196
2484	-33.58246	-57.23791	23.65545	1.055631	0.680598	0.319402	0.771107
2490	-32.72125	-56.75731	24.03606	0.7443844	0.835029	0.164971	0.6542749
2496	-32.18356	-53.2523	21.06875	0.6126591	0.678822	0.321178	2.958198
2502	-34.69666	-55.01659	20.31992	0.2754038	0.924466	0.0755341	3.599319
2508	-28.48793	-51.93914	23.45121	0.0779921	0.988053	0.0119474	1.78044
2514	-29.72497	-52.92359	23.19862	0.2506697	0.415007	0.584993	1.835673
2520	-32.8411	-55.87152	23.03042	0.4182136	0.646346	0.353654	1.836124
2526	-36.36299	-59.26595	22.90296	1.691995	0.228707	0.771293	0.9143779
2532	-26.52286	-50.42612	23.90326	0.3048489	0.799598	0.200402	1.2734
2538	-24.99469	-49.33641	24.34172	0.157158	0.658876	0.341124	1.014246
2544	-27.78821	-51.0148	23.22659	0.5120253	0.92734	0.0726596	1.632294
2550	-34.6863	-54.97038	20.28408	0.5721734	0.942304	0.0576961	3.447277
2556	-39.51275	-61.22561	21.71285	0.8505449	0.875848	0.124152	2.415961
2562	-31.91578	-55.60389	23.68811	0.1413096	0.251858	0.748142	1.566236
2568	-33.71011	-55.38366	21.67355	0.7849211	0.729152	0.270848	2.481884
2574	-39.3506	-56.6688	17.3182	0.250711	0.7844	0.2156	5.306632
2580	-35.32333	-57.78089	22.45756	1.532598	0.272224	0.727776	1.445899
2586	-35.83565	-56.92149	21.08584	0.7239364	0.977422	0.0225777	2.880748
2592	-25.76398	-47.88105	22.11707	0.1606225	0.97653	0.0234703	2.594452
2598	-32.17633	-55.0927	22.91637	0.3388787	0.463628	0.536372	1.967326
2604	-42.94237	-64.7532	21.81084	1.175468	0.648381	0.351619	2.145037
2610	-45.65057	-66.15227	20.50169	1.348671	0.369239	0.630761	2.856169
2616	-40.30012	-63.37849	23.07837	0.7166654	0.778174	0.221826	1.591399
2622	-32.53783	-54.76466	22.22683	0.6618211	0.729354	0.270646	2.208426
2628	-32.16685	-53.64039	21.47354	0.5478013	0.776996	0.223004	2.752126
2634	-32.47627	-55.90089	23.42461	1.217463	0.743708	0.256292	0.8603841
2640	-38.76885	-61.54692	22.77807	0.1300605	0.105626	0.894374	2.195823
2646	-31.92555	-54.25154	22.32598	0.3874651	0.543644	0.456356	2.320853
2652	-28.53956	-52.32448	23.78491	0.04715914	0.959222	0.0407776	1.56429
2658	-36.71985	-59.03523	22.31538	1.259622	0.702502	0.297498	1.748487
2664	-30.00731	-52.67957	22.67226	2.143165	0.799188	0.200812	0.4533459
2670	-33.3791	-54.78159	21.40249	0.2238745	0.69154	0.30846	2.991277
2676	-36.97163	-58.21577	21.24414	0.6274458	0.8054	0.1946	2.843298
2682	-39.10471	-60.96086	21.85616	0.01543396	0.685127	0.314873	2.843298
2688	-36.82127	-58.30023	21.47896	0.5650723	0.977245	0.0227554	2.738258
2694	-32.43455	-55.85437	23.41982	1.296557	0.915325	0.0846749	0.7635077
2700	-39.50862	-62.78702	23.27839	0.3277353	0.28136	0.71864	1.726634
2706	-34.90923	-57.8902	22.98098	0.7022697	0.875839	0.124161	1.671996
2712	-31.94431	-55.25232	23.30801	0.1513206	0.992062	0.00793773	1.828769
2718	-33.2735	-56.38604	23.11253	1.190807	0.745414	0.254586	1.193303
2724	-31.23001	-55.01926	23.78925	0.8759372	0.832061	0.167939	0.8321411
2730	-28.39811	-50.6037	22.20559	0.101485	0.841378	0.158622	2.576238
2736	-34.4811	-55.28754	20.80644	0.6149389	0.897713	0.102287	3.113854
2742	-32.19233	-55.76781	23.57548	0.1601725	0.764086	0.235914	1.634435
2748	-32.44305	-55.92433	23.48127	1.117317	0.851898	0.148102	0.910353
2754	-35.09704	-58.37801	23.28097	1.535775	0.492106	0.507894	0.5419413
2760	-30.09959	-53.41807	23.31848	1.096327	0.59198	0.40802	1.094233
2766	-35.7019	-59.06545	23.36355	1.052714	0.657842	0.342158	1.09289
2772	-37.72034	-60.63661	22.91627	1.067484	0.931071	0.0689289	1.450786
2778	-43.89428	-65.75377	21.8595	2.917147	0.651047	0.348953	0.6621797
2784	-41.64537	-64.43503	22.78967	1.958182	0.951504	0.0484957	0.714833
2790	-43.69567	-63.86665	20.17098	1.075676	0.531457	0.468543	3.217601
2796	-41.31977	-63.66878	22.34901	2.361406	0.760038	0.239962	0.3008768
2802	-36.44002	-59.17458	22.73456	1.870305	0.529084	0.470916	0.9033649
2808	-35.34801	-58.37692	23.02891	1.13126	0.263437	0.736563	1.31249
2814	-38.02078	-57.41428	19.3935	0.5685131	0.621102	0.378898	3.964261
2820	-36.80929	-57.85414	21.04485	0.2047522	0.942389	0.0576106	3.215857
2826	-37.47523	-57.97269	20.49745	0.7521476	0.783964	0.216036	3.215857
2832	-32.04725	-55.95893	23.91168	0.5512715	0.310812	0.689188	1.0491
2838	-24.91353	-48.79704	23.88351	0.3331036	0.756206	0.243794	1.266391
2844	-34.46991	-57.54002	23.07011	0.2190223	0.331566	0.668434	1.944564
2850	-39.50871	-61.91835	22.40965	0.8794853	0.195617	0.804383	1.944564
2856	-32.81689	-56.19185	23.37496	0.8829021	0.666193	0.333807	1.231995
2862	-32.56046	-56.06912	23.50866	0.9914491	0.499749	0.500251	1.013024
2868	-31.76688	-54.98448	23.2176	0.9903288	0.757156	0.242844	1.27355
2874	-35.37534	-58.92641	23.55108	1.145102	0.428582	0.571418	0.7917957
2880	-33.80362	-57.80076	23.99715	0.579122	0.987369	0.0126311	0.9347264
2886	-30.46496	-54.00562	23.54066	1.279255	0.739648	0.260352	0.4911658
2892	-37.09627	-58.93463	21.83837	1.462367	0.619071	0.380929	1.936749
2898	-39.00474	-60.04707	21.04233	1.997488	0.619071	0.380929	2.110061
2904	-33.66347	-54.08775	20.42428	0.5450953	0.697877	0.302123	3.38101
2910	-45.71023	-65.65194	19.94171	1.142696	0.478238	0.521762	3.313392
2916	-44.51038	-66.08858	21.5782	0.1721952	0.598826	0.401174	2.916628
2922	-37.21678	-60.11061	22.89383	1.174633	0.992849	0.00715114	1.385358
2928	-28.00303	-51.13023	23.12721	1.662992	0.992849	0.00715114	0.3875286
2934	-32.61184	-54.85593	22.2441	1.557002	0.976708	0.0232923	1.586976
2940	-31.26572	-52.43682	21.1711	0.7301934	0.786364	0.213636	2.825265
2946	-26.98196	-50.04486	23.0629	1.737622	0.946968	0.0530317	0.6055017
2952	-35.2175	-57.59556	22.37806	1.266458	0.386451	0.613549	1.699524
2958	-32.35441	-54.15223	21.79782	0.503207	0.53027	0.46973	2.579988
2964	-34.17906	-56.98676	22.8077	1.935336	0.914752	0.0852476	0.7227374
2970	-35.63097	-56.81237	21.1814	1.368821	0.615613	0.384387	2.424264
2976	-26.61595	-50.17589	23.55995	1.080324	0.682297	0.317703	0.8625366
2982	-32.0269	-54.36055	22.33366	0.5048068	0.682297	0.317703	2.240793
2988	-31.70477	-54.78507	23.08029	0.006774908	0.891499	0.108501	2.079026
2994	-33.63568	-54.99511	21.35944	0.04180523	0.551869	0.448131	3.125842
3000	-37.61126	-58.07856	20.4673	0.9339413	0.924564	0.0754361	3.125842
3006	-35.73751	-58.20973	22.47222	0.2949159	0.405786	0.594214	2.286566
3012	-36.53603	-58.70624	22.17021	0.005865605	0.980694	0.0193057	2.65721
3018	-33.9035	-56.05507	22.15157	0.0009345688	0.461397	0.538603	2.671721
3024	-28.78549	-52.55736	23.77188	0.002088599	0.278522	0.721478	1.606728
3030	-36.18991	-59.80571	23.6158	0.0937992	0.396562	0.603438	1.653153
3036	-31.36027	-53.26357	21.9033	0.4295057	0.879256	0.120744	2.560263
3042	-34.32975	-56.73847	22.40872	0.06010342	0.874778	0.125222	2.475401
3048	-38.69337	-59.44897	20.75561	0.4589726	0.858828	0.141172	3.23658
3054	-34.03953	-56.78333	22.7438	0.02486926	0.5454	0.4546	2.285589
3060	-38.3202	-62.76596	24.44575	0.0463188	0.837195	0.162805	1.020932
3066	-34.94172	-58.4683	23.52658	0.9654955	0.421042	0.578958	1.020932
3072	-34.16649	-57.80166	23.63517	1.006448	0.619196	0.380804	0.8609311
3078	-31.96337	-55.38501	23.42164	1.092313	0.866705	0.133295	0.9992708
3084	-28.40506	-52.12627	23.7212	0.8342995	0.792105	0.207895	0.9567539
3090	-25.26749	-49.43511	24.16762	0.6126814	0.871691	0.128309	0.6545752
3096	-32.61481	-56.28137	23.66656	0.9456346	0.951999	0.0480006	0.8951052
3102	-33.62718	-57.94291	24.31572	0.08904334	0.571655	0.428345	1.103449
3108	-38.01629	-62.34188	24.32559	0.299271	0.45045	0.54955	0.8806137
3114	-37.40616	-59.92791	22.52175	0.01899981	0.347494	0.652506	2.430229
3120	-30.30958	-53.77046	23.46088	0.1095614	0.858052	0.141948	1.751673
3126	-36.88708	-58.85285	21.96577	1.74184	0.735086	0.264914	1.65458
3132	-31.20099	-53.44966	22.24867	1.205492	0.932706	0.0672942	1.832322
3138	-34.7034	-57.47961	22.77622	0.9488376	0.680213	0.319787	1.64206
3144	-35.12231	-57.3356	22.21329	0.5638003	0.856983	0.143017	2.280195
3150	-37.57261	-60.95019	23.37758	1.158322	0.557263	0.442737	0.9770545
3156	-38.20591	-60.08198	21.87607	1.158322	0.979409	0.0205906	2.113614
3162	-38.99609	-59.58275	20.58665	0.7958581	0.937905	0.0620948	3.136986
3168	-37.33552	-57.48621	20.15069	1.231825	0.780239	0.219761	3.136986
3174	-35.23385	-56.10364	20.86979	0.5127234	0.963288	0.0367125	3.136986
3180	-40.95168	-64.38998	23.4383	1.381694	0.0934214	0.906579	0.4938364
3186	-35.89791	-58.4529	22.55498	1.747627	0.471108	0.528892	1.193931
3192	-31.26366	-55.148	23.88434	0.7351837	0.488315	0.511685	0.8867598
3198	-36.6201	-57.70272	21.08262	0.315538	0.384955	0.615045	3.12768
3204	-26.85838	-50.92761	24.06924	0.4037537	0.781459	0.218541	1.039471
3210	-25.92866	-48.86433	22.93568	0.1804845	0.855607	0.144393	2.059846
3216	-25.37523	-49.0242	23.64897	1.094679	0.850002	0.149998	0.721739
3222	-33.15425	-56.15929	23.00504	1.793554	0.662237	0.337763	0.4033929
3228	-30.8924	-54.27135	23.37895	0.8076219	0.780739	0.219261	1.291058
3234	-32.02292	-55.52137	23.49844	0.1468521	0.496196	0.503804	1.698977
3240	-26.64006	-50.413	23.77294	0.3584288	0.829968	0.170032	1.335626
3246	-35.05076	-57.266	22.21524	1.135711	0.7772	0.2228	1.9028
3252	-23.63842	-46.50359	22.86517	0.2188881	0.954715	0.0452847	2.08101
3258	-33.84965	-56.22616	22.3765	1.360035	0.882901	0.117099	1.633794
3264	-36.06141	-57.47524	21.41383	1.130384	0.758522	0.241478	2.428048
3270	-47.26767	-68.32139	21.05372	3.2338	0.837767	0.162233	1.206859
3276	-36.76127	-59.11121	22.34994	1.672327	0.99385	0.00614956	1.421243
3282	-40.85004	-60.05635	19.20631	0.706527	0.990176	0.00982357	3.992389
3288	-37.76606	-60.06454	22.29848	1.30244	0.990176	0.00982357	1.730297
3294	-36.86404	-60.20765	23.34361	1.30244	0.817737	0.182263	0.8556196
3300	-31.69473	-54.83134	23.1366	1.509451	0.765958	0.234042	0.8556196
3306	-27.18533	-50.65203	23.4667	1.190605	0.981255	0.0187453	0.8419333
3312	-34.69934	-58.09784	23.3985	1.382498	0.971229	0.0287713	0.6530874
3318	-32.28515	-55.69816	23.41302	1.380022	0.906675	0.0933251	0.62545
3324	-37.62002	-60.39379	22.77377	1.354001	0.951924	0.048076	1.338502
3330	-39.54539	-62.76484	23.21944	1.118404	0.784332	0.215668	1.16333
3336	-36.96819	-58.63911	21.67091	0.6792854	0.923763	0.0762372	2.54945
3342	-33.76552	-56.20859	22.44306	0.8640879	0.60301	0.39699	1.932423
3348	-34.46753	-57.22361	22.75607	1.07199	0.673812	0.326188	1.567236
3354	-38.21008	-59.84111	21.63103	1.727355	0.989933	0.0100673	1.897755
3360	-37.41806	-59.79053	22.37246	1.884247	0.887997	0.112003	1.232968
3366	-33.76414	-56.99486	23.23072	0.4082343	0.794362	0.205638	1.703467
3372	-33.72375	-55.43144	21.70769	0.1211008	0.961299	0.0387013	2.869238
3378	-34.25777	-56.61142	22.35365	0.5579717	0.984051	0.0159485	2.193564
3384	-23.4866	-47.38684	23.90024	0.1811163	0.529705	0.470295	1.375247
3390	-29.83038	-53.00878	23.1784	0.08777751	0.430379	0.569621	1.959992
3396	-34.386	-56.89378	22.50778	0.7584	0.398727	0.601273	1.959992
3402	-30.84364	-54.23869	23.39505	0.91265	0.900469	0.099531	1.189543
3408	-35.27727	-58.12681	22.84955	0.1685857	0.827268	0.172732	2.124254
3414	-33.40792	-57.1608	23.75288	0.1626933	0.804246	0.195754	1.502333
3420	-34.58003	-57.9012	23.32118	1.206514	0.653151	0.346849	0.9854236
3426	-37.43815	-61.09422	23.65607	1.108231	0.810453	0.189547	0.6860752
3432	-33.25598	-56.03755	22.78158	0.6686778	0.796496	0.203504	1.835009
3438	-28.75938	-52.05048	23.2911	0.6686778	0.643367	0.356633	1.469022
3444	-31.99952	-55.28478	23.28526	0.3644023	0.83343	0.16657	1.695878
3450	-30.7186	-55.32203	24.60343	0.1558365	0.33808	0.66192	0.6951978
3456	-30.92763	-55.00079	24.07316	0.5821389	0.242863	0.757137	0.8443887
3462	-27.8336	-51.97315	24.13955	0.6792387	0.845547	0.154453	0.5257828
3468	-37.51055	-60.46232	22.95177	1.778058	0.406056	0.593944	0.7435122
3474	-27.31518	-51.12351	23.80832	0.9059689	0.400587	0.599413	0.7665125
3480	-29.93024	-53.20459	23.27435	0.9539701	0.752164	0.247836	1.256692
3486	-34.42473	-56.88081	22.45608	0.5052568	0.762879	0.237121	2.161299
3492	-35.34537	-57.003	21.65762	0.519765	0.661379	0.338621	2.656403
3498	-35.62396	-58.71001	23.08605	0.751153	0.745123	0.254877	1.560518
3504	-32.12883	-55.61693	23.4881	0.4183057	0.406836	0.593164	1.509198
3510	-31.58185	-54.77729	23.19544	0.5901572	0.828073	0.171927	1.598273
3516	-35.57149	-58.86413	23.29263	1.510284	0.448756	0.551244	0.4130094
3522	-35.48057	-57.78615	22.30557	1.751381	0.685838	0.314162	1.394346
3528	-32.79815	-55.58529	22.78714	1.805746	0.488212	0.511788	0.9166562
3534	-36.07915	-59.26063	23.18147	1.60018	0.941895	0.0581055	0.6516997
3540	-41.35694	-64.6066	23.24966	0.710823	0.961544	0.0384561	1.468483
3546	-36.60886	-59.35724	22.74838	1.159633	0.949528	0.0504719	1.507994
3552	-40.93187	-64.26251	23.33064	1.468773	0.826539	0.173461	0.6086308
3558	-39.69831	-63.19754	23.49923	1.002697	0.433483	0.566517	1.011232
3564	-37.74433	-60.47852	22.73419	0.789141	0.955241	0.0447592	1.784522
3570	-39.0335	-60.76284	21.72934	0.1903051	0.476422	0.523578	2.814108
3576	-29.30401	-53.052	23.74799	0.1632496	0.512584	0.487416	1.505578
3582	-27.75262	-50.79741	23.04479	0.1497586	0.941479	0.0585211	2.007874
3588	-35.54443	-59.1301	23.58567	0.02209519	0.913818	0.0861817	1.725484
3594	-25.38504	-49.97157	24.58653	0.1143979	0.715621	0.284379	0.7853021
3600	-35.06608	-58.53977	23.47369	0.06806085	0.680487	0.319513	1.771707
3606	-42.44359	-62.14612	19.70253	0.7397328	0.376	0.624	3.688027
3612	-37.04957	-57.63639	20.58682	0.1640568	0.675101	0.324899	3.508808
3618	-38.19521	-58.30074	20.10554	0.6453454	0.696613	0.303387	3.508808
3624	-35.23619	-58.63802	23.40183	0.9524979	0.5153	0.4847	1.148811
3630	-37.69304	-60.95192	23.25888	1.471353	0.936015	0.063985	0.7428961
3636	-33.63693	-56.97408	23.33715	1.471353	0.727189	0.272811	0.4277506
3642	-33.93596	-56.83964	22.90368	1.376665	0.694538	0.305462	1.21298
3648	-36.58109	-57.99122	21.41013	1.201098	0.278293	0.721707	2.385754
3654	-35.46469	-57.94397	22.47928	0.5424573	0.609839	0.390161	2.121898
3660	-31.60255	-54.50949	22.90694	0.1147952	0.656172	0.343828	2.121898
3666	-29.45569	-52.51757	23.06187	0.1344154	0.824543	0.175457	2.006715
3672	-35.93284	-59.02875	23.09592	0.2505343	0.475095	0.524905	1.905847
3678	-34.38592	-58.62955	24.24363	0.2629542	0.556275	0.443725	1.006617
3684	-30.31236	-54.73471	24.42235	0.2407792	0.611835	0.388165	0.834712
3690	-35.06256	-56.96466	21.9021	2.127239	0.578286	0.421714	1.415782
3696	-36.31228	-59.63124	23.31896	1.019211	0.293062	0.706938	1.163047
3702	-24.32602	-47.95166	23.62563	1.042846	0.771255	0.228745	0.8280008
3708	-28.64146	-51.39931	22.75786	0.3159292	0.649196	0.350804	2.087765
3714	-34.86889	-57.113	22.24411	0.04787142	0.803489	0.196511	2.585596
3720	-33.78435	-55.41602	21.63167	0.6603196	0.683193	0.316807	2.585596
3726	-35.51461	-57.62853	22.11392	0.6912233	0.613	0.387	2.262211
3732	-34.06347	-56.50831	22.44485	0.3943879	0.917397	0.0826026	2.240297
3738	-33.49645	-56.291	22.79455	0.8007901	0.96369	0.0363098	1.73422
3744	-33.32138	-55.85884	22.53746	0.9504063	0.727879	0.272121	1.809091
3750	-34.25092	-57.68073	23.42982	1.345766	0.553669	0.446331	0.6643379
3756	-37.5932	-60.79868	23.20548	1.586771	0.506838	0.493162	0.6274013
3762	-39.68752	-59.94093	20.25341	0.5953263	0.982909	0.0170911	3.451669
3768	-26.16521	-49.49483	23.32963	0.6202068	0.719654	0.280346	1.476548
3774	-35.48425	-57.44983	21.96558	1.226147	0.550793	0.449207	2.009754
3780	-31.73679	-55.68637	23.94958	0.252109	0.442141	0.557859	1.278682
3786	-28.73618	-52.41773	23.68155	0.5201378	0.769256	0.230744	1.278682
3792	-27.05707	-51.01712	23.96004	0.6821632	0.908068	0.0919323	0.8602325
3798	-33.14093	-56.1101	22.96917	0.9640717	0.632402	0.367598	1.489066
3804	-36.27703	-59.21565	22.93861	1.786115	0.439961	0.560039	0.7512166
3810	-34.33883	-57.51595	23.17712	1.588046	0.352537	0.647463	0.3520843
3816	-31.38791	-54.80579	23.41787	1.347295	0.942958	0.0570421	0.3520843
3822	-31.08245	-54.60228	23.51983	0.09590593	0.307301	0.692699	1.719866
3828	-31.39218	-54.14893	22.75675	0.3131797	0.217372	0.782628	2.0903
3834	-33.26008	-55.76413	22.50405	0.5658762	0.890688	0.109312	2.0903
3840	-30.08788	-53.73505	23.64717	0.3809694	0.662395	0.337605	1.416712
3846	-31.35448	-54.23685	22.88237	0.2819902	0.383104	0.616896	2.027941
3852	-39.45771	-59.67146	20.21376	0.2115601	0.453104	0.546896	3.697824
3858	-33.0513	-56.80349	23.75219	0.5061951	0.888434	0.111566	1.231559
3864	-29.13682	-52.49486	23.35805	0.3570339	0.529468	0.470532	1.64922
3870	-35.647	-59.32322	23.67622	0.03886154	0.923762	0.0762377	1.64922
3876	-38.05194	-60.38067	22.32873	0.5214399	0.37481	0.62519	2.233254
3882	-29.79828	-53.65537	23.85709	0.5879504	0.776436	0.223564	1.066085
3888	-30.40417	-54.46161	24.05743	0.3082054	0.644806	0.355194	1.138761
3894	-31.55979	-55.07366	23.51387	0.8517712	0.596671	0.403329	1.138761
3900	-33.45239	-56.6434	23.19102	1.510517	0.498428	0.501572	0.7844677
3906	-34.20733	-57.32171	23.11438	0.225062	0.486209	0.513791	1.910596
3912	-32.33541	-55.01601	22.68059	0.3398502	0.645454	0.354546	2.122745
3918	-36.53243	-57.65175	21.11931	1.01089	0.50145	0.49855	2.68543
3924	-41.87746	-62.17284	20.29538	1.834826	0.448055	0.551945	2.68543
3930	-33.26078	-56.14621	22.88543	0.9911567	0.446515	0.553485	1.531413
3936	-37.9187	-61.21358	23.29488	0.5817092	0.335093	0.664907	1.531413
3942	-37.29368	-59.96748	22.67379	1.202795	0.926432	0.0735681	1.531413
3948	-36.82406	-59.57052	22.74647	1.202795	0.804733	0.195267	1.47698
3954	-36.67406	-58.01138	21.33732	1.05582	0.62236	0.37764	2.522708
3960	-38.36677	-60.66378	22.297	2.318101	0.781775	0.218225	0.8918033
3966	-39.30787	-62.21313	22.90526	1.709846	0.770021	0.229979	0.8918033
3972	-40.7084	-63.76882	23.06042	1.757611	0.68537	0.31463	0.4687286
3978	-36.45394	-59.38419	22.93025	1.606105	0.950313	0.0496872	0.9765885
3984	-47.56816	-67.63278	20.06462	3.281335	0.838039	0.161961	1.906184
3990	-37.0381	-60.51843	23.48033	0.6506358	0.340793	0.659207	1.335946
3996	-38.30004	-61.03109	22.73105	1.557295	0.864138	0.135862	1.206158
4002	-40.33619	-63.11841	22.78222	1.506123	0.681992	0.318008	1.206158
4008	-40.84493	-63.48425	22.63933	2.140666	0.610538	0.389462	0.3714686
4014	-34.63556	-58.87781	24.24225	0.1146143	0.861818	0.138182	1.146564
4020	-39.49542	-61.19139	21.69597	0.9854933	0.922904	0.0770962	2.341215
4026	-29.58384	-52.97234	23.3885	1.036832	0.660452	0.339548	1.084511
4032	-38.56455	-59.30441	20.73987	0.3722682	0.737771	0.262229	3.297058
4038	-31.04151	-54.74302	23.70151	1.006761	0.656328	0.343672	0.7750785
4044	-40.35282	-61.61382	21.261	1.081069	0.678012	0.321988	2.554503
4050	-37.07334	-61.14054	24.06721	0.602699	0.328494	0.671506	0.8261984
4056	-29.44496	-52.13428	22.68932	0.3271226	0.424122	0.575878	2.125359
4062	-35.90467	-56.70426	20.79959	0.2310594	0.768254	0.231746	3.345025
4068	-30.31307	-52.39887	22.08579	1.199954	0.937655	0.062345	1.94684
4074	-31.98139	-54.02682	22.04543	0.1895207	0.897256	0.102744	2.620894
4080	-26.07607	-50.19821	24.12213	0.5492126	0.882562	0.117438	0.8243691
4086	-25.29624	-49.32431	24.02807	0.5831838	0.639039	0.360961	0.8961747
4092	-29.19469	-53.18049	23.9858	0.741202	0.965879	0.0341206	0.7477945
4098	-26.60345	-49.83896	23.2355	0.6002311	0.567177	0.432823	1.561598
4104	-31.40494	-54.37815	22.97321	0.8512173	0.908811	0.0911888	1.569901
4110	-32.12311	-55.18605	23.06294	0.8209702	0.570039	0.429961	1.525971
4116	-41.54071	-64.03445	22.49374	2.045832	0.357195	0.642805	0.9732833
4122	-38.97284	-62.19013	23.21729	1.454383	0.662379	0.337621	0.8239516
4128	-43.09197	-63.70346	20.61149	0.5770699	0.804785	0.195215	3.251962
4134	-31.80639	-54.97249	23.1661	1.273587	0.601588	0.398412	1.071123
4140	-32.55464	-55.82499	23.27036	1.388487	0.860595	0.139405	0.840031
4146	-38.87395	-60.53264	21.65869	2.426315	0.815177	0.184823	1.372385
4152	-35.00252	-58.27902	23.2765	1.183876	0.84271	0.15729	1.051562
4158	-31.45701	-54.97141	23.5144	1.290009	0.968024	0.0319756	0.5938046
4164	-30.48538	-53.8942	23.40882	1.386199	0.885294	0.114706	0.6204318
4170	-29.7916	-53.46609	23.6745	1.141794	0.939525	0.0604746	0.4577561
4176	-28.81987	-52.33331	23.51344	1.272838	0.955772	0.0442278	0.641496
4182	-30.7135	-54.19399	23.48049	1.337189	0.980472	0.0195277	0.5353933
4188	-35.70484	-57.82433	22.1195	2.628455	0.184213	0.815787	0.3333416
4194	-37.37819	-58.14743	20.76924	3.800008	0.845887	0.154113	0.9422412
4200	-34.96457	-58.46473	23.50017	1.194842	0.624428	0.375572	0.7933791
4206	-37.92634	-59.66108	21.73475	2.368667	0.969511	0.0304893	1.357857
4212	-30.18373	-53.70712	23.52338	1.218816	0.983089	0.0169113	0.7240916
4218	-38.74065	-61.54114	22.80049	1.812383	0.610033	0.389967	0.8943365
4224	-30.86469	-54.92742	24.06273	0.3896919	0.749498	0.250502	1.059114
4230	-28.95493	-52.14054	23.18561	0.5345957	0.431802	0.568198	1.645545
4236	-27.57757	-51.11958	23.542	0.1781976	0.56886	0.43114	1.645545
4242	-31.2028	-54.6716	23.4688	0.2514048	0.672778	0.327222	1.645545
4248	-25.76418	-49.86279	24.09861	0.04582974	0.870865	0.129135	1.325157
4254	-30.33324	-53.2051	22.87186	0.404404	0.972475	0.0275248	1.953217
4260	-34.19573	-58.24989	24.05416	0.004094301	0.870468	0.129532	1.393335
4266	-35.10705	-58.0876	22.98054	0.04452826	0.949723	0.0502766	2.119716
4272	-30.46938	-53.40465	22.93527	0.1339921	0.809173	0.190827	2.090738
4278	-28.38999	-51.71587	23.32588	0.007893151	0.154154	0.845846	1.914432
4284	-27.77009	-51.0959	23.32581	0.138983	0.85026	0.14974	1.825008
4290	-35.0564	-57.3069	22.2505	0.04466692	0.748324	0.251676	2.583623
4296	-33.04659	-55.28331	22.23673	0.3521513	0.417012	0.582988	2.399882
4302	-34.19987	-55.66287	21.463	0.2130074	0.26335	0.73665	2.961444
4308	-36.60869	-59.09876	22.49007	1.68768	0.667258	0.332742	1.298237
4314	-34.12011	-56.40932	22.28922	0.596782	0.751089	0.248911	2.21014
4320	-30.20121	-53.01252	22.81131	0.1730576	0.436635	0.563365	2.146296
4326	-33.51967	-56.98187	23.4622	0.06154184	0.886194	0.113806	1.784237
4332	-31.9796	-55.04139	23.06178	0.8249957	0.615574	0.384426	1.523837
4338	-31.78533	-55.26843	23.4831	0.3408065	0.65477	0.34523	1.570289
4344	-36.75619	-60.10069	23.3445	1.000439	0.699998	0.300002	1.1571
4350	-31.10096	-54.74861	23.64765	0.2943142	0.709814	0.290186	1.482489
4356	-32.76361	-55.87434	23.11073	0.4635669	0.158066	0.841934	1.748979
4362	-34.70447	-57.18971	22.48524	0.2772543	0.975628	0.024372	2.289541
4368	-33.74539	-56.83549	23.0901	0.1591719	0.992992	0.00700829	1.971327
4374	-35.78596	-57.47591	21.68995	0.7338662	0.970792	0.0292078	2.503562
4380	-41.34745	-63.52639	22.17894	1.963121	0.924238	0.0757619	1.327066
4386	-31.10727	-54.32822	23.22095	1.337898	0.843333	0.156667	0.9532427
4392	-32.98519	-56.87932	23.89413	0.8025641	0.427915	0.572085	0.7910899
4398	-31.89713	-55.49264	23.59551	0.9555575	0.267419	0.732581	0.9613838
4404	-34.97812	-54.78415	19.80603	0.763131	0.573102	0.426898	3.61451
4410	-33.65786	-57.39617	23.73831	1.017959	0.35317	0.64683	0.7004879
4416	-33.47376	-57.21515	23.74139	1.017959	0.7632	0.2368	0.6950498
4422	-30.12983	-53.73972	23.60988	0.330845	0.551199	0.448801	1.483422
4428	-38.63371	-61.31577	22.68205	2.113182	0.686824	0.313176	0.6198688
4434	-36.23554	-59.22189	22.98635	1.821237	0.881836	0.118164	0.5832468
4440	-32.70601	-56.5059	23.79988	0.6701267	0.695003	0.304997	1.042339
4446	-29.98271	-52.52319	22.54048	0.3268511	0.426036	0.573964	2.222195
4452	-29.50456	-50.73914	21.23458	0.3985377	0.303369	0.696631	2.987225
4458	-27.98162	-51.65236	23.67074	0.1426963	0.585622	0.414378	1.577957
4464	-30.88247	-54.23491	23.35243	0.461004	0.836725	0.163275	1.577957
4470	-41.36507	-59.39764	18.03257	0.377715	0.470075	0.529925	4.839919
4476	-30.34156	-54.2543	23.91274	0.5884232	0.680697	0.319303	1.011986
4482	-34.51436	-58.2301	23.71574	1.098666	0.893782	0.106218	0.5551323
4488	-33.06064	-55.56092	22.50028	1.098666	0.873433	0.126567	1.731684
4494	-31.62831	-54.36937	22.74106	1.765197	0.721047	0.278953	1.006944
4500	-30.73302	-54.29581	23.56278	1.247795	0.767644	0.232356	0.5721099
4506	-31.20952	-55.39371	24.18419	0.3299613	0.791542	0.208458	0.9990738
4512	-34.43102	-55.55542	21.12439	0.2207903	0.60765	0.39235	3.159174
4518	-36.81899	-57.65817	20.83919	1.053103	0.801733	0.198267	2.830734
4524	-33.97299	-55.35907	21.38608	0.8161328	0.800314	0.199686	2.641102
4530	-34.42065	-56.13507	21.71441	2.048067	0.924359	0.075641	1.615055
4536	-36.23461	-59.19393	22.95932	1.700252	0.477492	0.522508	0.8391312
4542	-35.85139	-58.6052	22.75381	1.358303	0.598391	0.401609	1.350964
4548	-38.54153	-61.1791	22.63758	0.7574664	0.772627	0.227373	1.872809
4554	-40.9335	-60.84569	19.91219	1.704472	0.768339	0.231661	2.997103
4560	-35.94038	-59.58565	23.64528	0.513569	0.752721	0.247279	1.313558
4566	-29.57961	-51.32884	21.74923	0.4415082	0.741904	0.258096	2.64818
4572	-34.13898	-56.61853	22.47955	1.016837	0.957287	0.0427126	1.803196
4578	-32.55151	-55.61397	23.06246	0.3750331	0.940586	0.0594135	1.843771
4584	-27.75404	-51.26052	23.50648	0.1394224	0.901902	0.0980984	1.698547
4590	-30.18492	-53.45247	23.26755	0.3783468	0.546381	0.453619	1.698547
4596	-31.95772	-55.94117	23.98345	0.2358057	0.636041	0.363959	1.264204
4602	-37.54558	-60.15334	22.60776	0.7767511	0.831461	0.168539	1.879987
4608	-32.11726	-54.77665	22.65939	0.7251272	0.661413	0.338587	1.879987
4614	-40.52176	-61.77487	21.25312	3.33464	0.283258	0.716742	0.9222798
4620	-40.55735	-63.27757	22.72022	1.903098	0.928971	0.0710289	0.8823917
4626	-38.34438	-61.36354	23.01916	0.7200521	0.415732	0.584268	1.631866
4632	-40.87034	-64.07843	23.20808	0.4581449	0.452415	0.547585	1.684116
4638	-38.70498	-62.07858	23.3736	0.2926306	0.669927	0.330073	1.684116
4644	-34.30773	-57.60036	23.29263	1.497045	0.729187	0.270813	0.6336216
4650	-35.20994	-58.27371	23.06377	1.737729	0.881595	0.118405	0.4097273
4656	-33.34359	-56.02036	22.67677	1.889907	0.6609	0.3391	0.9449733
4662	-33.57183	-56.05033	22.4785	0.9070661	0.388625	0.611375	1.879272
4668	-31.56694	-54.2731	22.70616	0.6794011	0.569546	0.430454	1.879272
4674	-40.89122	-62.75052	21.8593	1.320921	0.672784	0.327216	2.017405
4680	-35.9432	-58.60914	22.66594	0.9021932	0.671533	0.328467	1.753293
4686	-36.73543	-60.59828	23.86285	0.9057789	0.263827	0.736173	0.6779685
4692	-32.03225	-56.12904	24.09679	0.4861787	0.518235	0.481765	0.9274864
4698	-26.53397	-50.5069	23.97293	0.3991254	0.709763	0.290237	1.133029
4704	-29.61764	-53.68411	24.06647	0.080564	0.65193	0.34807	1.323072
4710	-30.28501	-52.29835	22.01334	0.8430402	0.724837	0.275163	2.229251
4716	-35.57383	-58.36811	22.79428	0.4930365	0.355671	0.644329	1.945783
4722	-37.53906	-60.13923	22.60017	0.63903	0.379693	0.620307	1.97807
4728	-31.87817	-56.05867	24.1805	0.2850888	0.832435	0.167565	1.046577
4734	-28.62212	-52.78908	24.16696	0.2986287	0.432607	0.567393	1.046577
4740	-31.30851	-55.41101	24.1025	0.4497348	0.585962	0.414038	0.9601701
4746	-36.26941	-59.52057	23.25116	1.453721	0.416708	0.583292	0.77983
4752	-36.14632	-59.37973	23.23341	0.2794282	0.992067	0.00793299	1.7918
4758	-34.98397	-57.49008	22.50611	1.006736	0.78996	0.21004	1.7918
4764	-37.19376	-60.38404	23.19029	1.006736	0.652583	0.347417	1.28251
4770	-30.45199	-52.51357	22.06158	0.1940132	0.582454	0.417546	2.608131
4776	-30.41307	-53.82669	23.41362	1.338376	0.677192	0.322808	0.7078609
4782	-35.87063	-58.88767	23.01704	1.801881	0.680034	0.319966	0.4763499
4788	-36.83906	-60.04164	23.20258	1.031339	0.917884	0.0821163	1.25204
4794	-34.32321	-57.67364	23.35043	0.9298899	0.529484	0.470516	1.212998
4800	-31.49563	-53.46794	21.97231	0.4021387	0.685894	0.314106	2.534358
4806	-34.11347	-56.87188	22.75841	2.034629	0.788833	0.211167	0.6254495
4812	-34.46966	-58.28696	23.8173	0.2333985	0.761931	0.238069	1.39922
4818	-39.81942	-62.53267	22.71325	0.3024891	0.945107	0.054893	2.125818
4824	-39.47268	-60.9056	21.43292	2.603409	0.516517	0.483483	0.1032776
4830	-34.78204	-57.68311	22.90107	1.435907	0.896047	0.103953	1.164093
4836	-35.09008	-58.38345	23.29338	1.435907	0.702534	0.297466	0.7443413
4842	-34.73579	-57.15863	22.42284	1.322442	0.753981	0.246019	1.627491
4848	-33.57715	-54.40326	20.82611	1.45143	0.748743	0.251257	2.594545
4854	-35.47406	-55.78845	20.31439	0.1537458	0.377878	0.622122	3.673056
4860	-35.72287	-58.20455	22.48169	2.041775	0.865492	0.134508	0.9897048
4866	-32.54228	-55.20185	22.65957	2.00891	0.939683	0.0603173	0.2727268
4872	-31.04724	-54.41401	23.36677	0.5389468	0.252416	0.747584	1.50971
4878	-28.97734	-52.73673	23.7594	0.7610427	0.493374	0.506626	0.9927561
4884	-30.30945	-52.11414	21.80469	2.127832	0.930979	0.0690208	1.489608
4890	-28.48852	-51.40885	22.92033	1.814824	0.917442	0.0825579	0.7352823
4896	-31.37671	-54.3173	22.94059	1.814824	0.8266	0.1734	0.3410745
4902	-31.23964	-53.51994	22.2803	0.3091411	0.419345	0.580655	2.399525
4908	-22.97593	-47.08964	24.11371	0.4936079	0.767253	0.232747	0.9006139
4914	-29.05042	-51.27998	22.22956	0.1221444	0.529065	0.470935	2.548511
4920	-32.37307	-55.05065	22.67758	1.040343	0.474959	0.525041	1.647182
4926	-36.22645	-59.82037	23.59392	0.4014346	0.79671	0.20329	1.441923
4932	-32.87908	-56.55558	23.67649	0.01788377	0.706336	0.293664	1.664049
4938	-24.65838	-49.27731	24.61893	0.007904692	0.976878	0.0231218	0.8783247
4944	-28.27067	-52.31182	24.04115	0.4791005	0.49303	0.50697	0.9929484
4950	-28.50817	-51.87509	23.36692	0.08885187	0.859822	0.140178	1.831214
4956	-29.38756	-52.91981	23.53225	1.270932	0.73102	0.26898	0.5976153
4962	-33.62499	-57.20872	23.58373	0.6871423	0.82757	0.17243	1.221016
4968	-26.8903	-50.61115	23.72084	0.2473519	0.82757	0.17243	1.462631
4974	-27.81715	-51.34423	23.52709	0.4411102	0.545836	0.454164	1.462631
4980	-29.6845	-53.04754	23.36304	0.2195235	0.739777	0.260223	1.743188
4986	-26.86477	-49.27453	22.40976	0.1714777	0.6462	0.3538	2.404706
4992	-27.4852	-49.91682	22.43162	0.226455	0.428656	0.571344	2.356071
4998	-36.15627	-57.72768	21.57141	1.887661	0.311782	0.688218	1.828945
5004	-26.73683	-50.35994	23.62311	1.040308	0.705288	0.294712	0.8343446
5010	-26.82965	-50.44579	23.61614	0.1965675	0.669615	0.330385	1.578493
5016	-30.42091	-54.20043	23.77952	0.009995648	0.483826	0.516174	1.595422
5022	-31.11271	-52.65362	21.54091	0.1211358	0.519386	0.480614	2.969842
5028	-30.57792	-52.57313	21.99521	0.1366926	0.623539	0.376461	2.684388
5034	-30.78332	-54.45999	23.67667	0.1471277	0.293491	0.706509	1.570364
5040	-38.23901	-59.64971	21.4107	1.194431	0.272944	0.727056	2.389613
5046	-33.82037	-55.88642	22.06605	1.553208	0.804462	0.195538	1.717385
5052	-36.58231	-58.83951	22.2572	1.512868	0.4981	0.5019	1.609555
5058	-30.39429	-54.37004	23.97575	0.03522142	0.669744	0.330256	1.429943
5064	-28.65262	-52.99547	24.34285	0.03046374	0.454514	0.545486	1.131904
5070	-28.04637	-51.84226	23.79589	0.5934468	0.57233	0.42767	1.11748
5076	-25.12827	-48.81084	23.68257	0.580001	0.987858	0.0121423	1.228031
5082	-30.57956	-53.77225	23.19269	0.5038642	0.990797	0.00920301	1.662496
5088	-36.52772	-60.25282	23.7251	0.6245045	0.852603	0.147397	1.152987
5094	-40.24146	-59.16267	18.92121	0.7811981	0.870777	0.129223	4.112411
5100	-38.30195	-60.25429	21.95234	1.780581	0.867152	0.132848	1.636399
5106	-36.75521	-60.38087	23.62566	0.7662602	0.737595	0.262405	1.115139
5112	-29.551	-52.47736	22.92635	1.872585	0.726947	0.273053	0.6099584
5118	-30.45376	-53.33206	22.8783	1.812432	0.48526	0.51474	0.2868574
5124	-33.48172	-56.50558	23.02386	1.796128	0.487628	0.512372	0.5065897
5130	-49.16004	-66.52817	17.36813	5.170677	0.390005	0.609995	2.431448
5136	-39.94149	-62.35114	22.40965	2.391502	0.437875	0.562125	0.6036631
5142	-35.47702	-58.43194	22.95492	0.6425792	0.791813	0.208187	1.732701
5148	-34.99138	-58.16481	23.17343	0.4568098	0.594078	0.405922	1.70963
5154	-32.94428	-56.51775	23.57346	0.9793758	0.756988	0.243012	0.9595398
5160	-30.49949	-53.71957	23.22008	1.117196	0.482085	0.517915	1.163835
5166	-33.30181	-56.18651	22.8847	0.8198121	0.328226	0.671774	1.656798
5172	-29.86153	-53.49501	23.63348	0.1828016	0.967067	0.0329332	1.575877
5178	-34.89999	-57.82789	22.92789	0.4031773	0.79684	0.20316	1.916265
5184	-33.48157	-55.96486	22.48329	0.8963326	0.474027	0.525973	1.883318
5190	-35.47001	-58.60482	23.13481	0.09672386	0.4753	0.5247	1.983199
5196	-33.39686	-56.22405	22.8272	0.1157818	0.617848	0.382152	2.173229
5202	-37.43989	-60.25406	22.81417	0.1288087	0.489384	0.510616	2.173229
5208	-30.51532	-54.1308	23.61548	0.0582268	0.390667	0.609333	1.678796
5214	-34.76193	-57.13203	22.3701	0.07612399	0.592829	0.407171	2.48955
5220	-31.3841	-53.95723	22.57313	0.07767585	0.724839	0.275161	2.360681
5226	-35.10099	-57.74162	22.64063	0.01017553	0.933378	0.0666224	2.360681
5232	-33.29971	-55.82249	22.52278	0.2430958	0.28861	0.71139	2.287372
5238	-36.02489	-58.68834	22.66345	1.485536	0.758829	0.241171	1.3215
5244	-34.21608	-56.4649	22.24882	1.757509	0.842926	0.157074	1.433508
5250	-38.20971	-62.01206	23.80235	0.3739169	0.15165	0.84835	1.29945
5256	-41.08106	-63.23751	22.15645	1.299587	0.540091	0.459909	1.831035
5262	-33.55007	-57.67962	24.12955	0.1577037	0.730495	0.269505	1.207089
5268	-31.44265	-52.60361	21.16096	0.6138779	0.64693	0.35307	2.901867
5274	-31.92498	-55.2125	23.28752	0.9738186	0.344343	0.655657	1.229072
5280	-35.56837	-58.96955	23.40119	0.9311515	0.502872	0.497128	1.168155
5286	-27.93309	-51.72315	23.79006	0.542275	0.844106	0.155894	1.168155
5292	-29.38322	-53.27371	23.8905	0.7046537	0.924426	0.0755736	0.9141594
5298	-31.82423	-55.47878	23.65454	0.9094251	0.453375	0.546625	0.9478465
5304	-33.36821	-56.94467	23.57646	1.17988	0.91844	0.0815601	0.3420668
5310	-28.90297	-52.85633	23.95337	0.5191872	0.615644	0.384356	1.039891
5316	-31.51122	-54.40847	22.89725	0.8606599	0.722874	0.277126	1.61836
5322	-28.16475	-51.22258	23.05783	1.391899	0.860516	0.139484	1.061662
5328	-33.55301	-56.55852	23.00551	1.645152	0.867396	0.132604	0.8500435
5334	-31.10536	-54.84417	23.73881	0.9118582	0.826893	0.173107	0.8500435
5340	-32.5077	-55.88415	23.37645	0.8004621	0.921065	0.0789349	1.298924
5346	-29.61769	-51.99514	22.37745	1.968708	0.587724	0.412276	0.1566452
5352	-32.70399	-57.31277	24.60878	0.2014886	0.688044	0.311956	0.5733107
5358	-30.45203	-53.94434	23.49231	1.315148	0.857774	0.142226	0.4247235
5364	-31.05231	-54.30346	23.25115	0.1465448	0.321568	0.678432	1.871
5370	-30.48499	-54.2505	23.76552	0.3159011	0.600514	0.399486	1.375202
5376	-31.07538	-54.15021	23.07483	0.4372336	0.437136	0.562864	1.792337
5382	-31.98845	-54.70796	22.71952	1.074934	0.718201	0.281799	1.591826
5388	-33.84832	-57.07687	23.22855	1.445633	0.980706	0.0192942	0.8207477
5394	-36.43629	-57.97232	21.53603	3.255275	0.952839	0.0471606	0.3894553
5400	-35.78035	-57.53533	21.75499	3.041574	0.818423	0.181577	0.3992625
5406	-26.58096	-49.52849	22.94754	1.851119	0.657928	0.342072	0.4035327
5412	-38.15412	-60.85728	22.70316	2.073441	0.876409	0.123591	0.3666941
5418	-37.12076	-58.77997	21.65922	3.018356	0.75364	0.24636	0.8163939
5424	-33.49308	-56.91411	23.42104	0.4200582	0.434418	0.565582	1.557652
5430	-31.90769	-54.3236	22.41591	1.80821	0.674092	0.325908	1.260175
5436	-35.25448	-57.7741	22.51962	0.2307152	0.925605	0.0743953	2.297316
5442	-35.89929	-59.18547	23.28618	1.119192	0.2958	0.7042	1.102895
5448	-29.00667	-52.87154	23.86488	0.6426746	0.690618	0.309382	1.005654
5454	-34.05516	-56.90156	22.8464	0.5323338	0.939408	0.0605923	1.883924
5460	-35.73651	-58.83811	23.1016	1.197374	0.937618	0.0623822	1.197056
5466	-35.02993	-57.81885	22.78893	1.468494	0.870599	0.129401	1.23237
5472	-33.76856	-56.62058	22.85202	1.935153	0.544809	0.455191	0.3824672
5478	-35.14165	-57.4074	22.26576	2.550203	0.687544	0.312456	0.4560011
5484	-29.91075	-54.02818	24.11743	0.6659306	0.534471	0.465529	0.6479996
5490	-30.25412	-54.47091	24.2168	0.210131	0.235866	0.764134	1.083027
5496	-29.24498	-53.33902	24.09405	0.120893	0.528646	0.471354	1.267772
5502	-32.52203	-56.33855	23.81652	0.8373132	0.66149	0.33851	0.846182
5508	-33.25159	-56.52835	23.27676	0.8116498	0.527289	0.472711	1.369701
5514	-33.07087	-56.64914	23.57828	0.8350863	0.708321	0.291679	1.095563
5520	-29.65232	-53.27022	23.6179	0.490047	0.294522	0.705478	1.354268
5526	-30.28222	-53.57263	23.29041	0.47566	0.737368	0.262632	1.612452
5532	-33.25918	-57.19647	23.93729	0.2166825	0.428244	0.571756	1.317489
5538	-31.24943	-54.89416	23.64473	0.5092422	0.520766	0.479234	1.317489
5544	-30.67448	-54.47315	23.79867	0.8506807	0.377027	0.622973	0.8516377
5550	-44.47426	-66.2764	21.80215	1.870687	0.609794	0.390206	1.679417
5556	-41.06376	-64.46434	23.40058	1.095789	0.470922	0.529078	1.016716
5562	-42.38457	-63.15299	20.76842	0.8370392	0.786904	0.213096	3.003825
5568	-51.6159	-68.31304	16.69714	4.599201	0.815697	0.184303	3.188163
5574	-36.36423	-58.03647	21.67224	0.7146918	0.532765	0.467235	2.52658
5580	-33.40847	-56.2008	22.79233	0.8781235	0.512883	0.487117	1.681109
5586	-28.90301	-51.7727	22.86969	0.7838079	0.786883	0.213117	1.693161
5592	-40.77703	-62.85195	22.07491	1.806728	0.711753	0.288247	1.527657
5598	-32.87201	-55.85688	22.98487	1.035754	0.920805	0.0791951	1.422511
5604	-33.21178	-56.43107	23.21929	0.8013273	0.92986	0.07014	1.422511
5610	-34.91799	-57.98074	23.06275	0.2217533	0.522882	0.477118	1.947679
5616	-33.60093	-57.38637	23.78545	0.5705475	0.437305	0.562695	1.147334
5622	-39.54011	-60.58371	21.0436	0.2265107	0.858156	0.141844	3.203708
5628	-36.95718	-57.35338	20.39621	0.5811698	0.814082	0.185918	3.376315
5634	-36.51402	-59.5907	23.07668	1.717155	0.388107	0.611893	0.3940285
5640	-31.71414	-54.62438	22.91023	1.717155	0.928209	0.0717907	0.8776811
5646	-31.14569	-55.11096	23.96527	0.1668469	0.961173	0.0388269	1.335029
5652	-34.02443	-57.65347	23.62904	0.5259589	0.456556	0.543444	1.316659
5658	-36.04973	-58.20312	22.15339	0.6836627	0.202651	0.797349	2.241701
5664	-31.47743	-54.00869	22.53126	0.8118376	0.433504	0.566496	1.908121
5670	-26.75764	-50.46213	23.70449	0.5853825	0.876649	0.123351	1.204855
5676	-31.53469	-54.1734	22.63872	0.09221326	0.928181	0.071819	2.309707
5682	-35.20501	-57.33856	22.13356	1.34268	0.694322	0.305678	1.817116
5688	-34.70389	-57.50841	22.80453	2.005398	0.778156	0.221844	0.5746631
5694	-36.81592	-60.01052	23.1946	1.553198	0.886436	0.113564	0.3331856
5700	-27.56486	-50.79619	23.23132	0.4426134	0.957694	0.042306	1.678631
5706	-27.82414	-51.66316	23.83902	0.840888	0.714256	0.285744	0.8133717
5712	-28.28456	-51.71409	23.42953	1.113326	0.542467	0.457533	0.9698996
5718	-37.30381	-61.20568	23.90187	0.6268676	0.305136	0.694864	0.9843609
5724	-34.80802	-58.20141	23.39339	1.425187	0.659357	0.340643	0.4731396
5730	-31.87563	-55.24166	23.36603	1.413312	0.773459	0.226541	0.6565978
5736	-26.36027	-50.70405	24.34378	0.2344315	0.674993	0.325007	0.9326357
5742	-35.10076	-58.84174	23.74098	0.698279	0.993057	0.00694271	1.071521
5748	-32.05961	-55.57844	23.51882	1.208591	0.820234	0.179766	0.7471743
5754	-29.66807	-53.75192	24.08385	0.6435686	0.907949	0.0920513	0.7471743
5760	-33.58194	-56.70619	23.12425	0.3566176	0.817287	0.182713	1.813926
5766	-30.37317	-53.27284	22.89967	0.8001038	0.958819	0.0411812	1.660192
5772	-37.99513	-59.6466	21.65147	0.5456262	0.889153	0.110847	2.644258
5778	-36.24047	-57.4978	21.25733	0.13654	0.752506	0.247494	3.13023
5784	-32.57024	-55.99846	23.42822	1.040832	0.650873	0.349127	1.043256
5790	-31.26185	-54.06702	22.80518	0.567942	0.794171	0.205829	1.887742
5796	-33.05752	-56.03923	22.98171	1.818658	0.864629	0.135371	0.6059278
5802	-32.70713	-56.28482	23.57769	1.228726	0.987356	0.0126436	0.5872539
5808	-35.47706	-57.65354	22.17647	0.487172	0.143223	0.856777	2.352536
5814	-33.78881	-57.11098	23.32216	1.277128	0.883469	0.116531	0.9095758
5820	-33.86927	-55.66465	21.79538	1.637515	0.960261	0.039739	1.846922
5826	-44.42108	-66.8575	22.43641	1.999519	0.173155	0.826845	1.074635
5832	-45.71053	-62.37058	16.66005	0.10593	0.216633	0.783367	5.748049
5838	-34.93805	-55.56974	20.6317	0.2014321	0.320394	0.679606	3.460796
5844	-34.91838	-57.7263	22.80792	0.2783113	0.239232	0.760768	2.07958
5850	-33.19829	-56.60025	23.40196	0.4517162	0.527305	0.472695	1.548374
5856	-44.09326	-65.20962	21.11636	0.6136607	0.365051	0.634949	2.928917
5862	-26.84863	-50.66934	23.82072	0.9414385	0.853471	0.146529	0.6900032
5868	-37.80593	-61.04411	23.23818	1.523974	0.742577	0.257423	0.6900032
5874	-38.48714	-61.75925	23.27212	1.182914	0.37321	0.62679	1.056642
5880	-35.52859	-58.11455	22.58596	2.095273	0.578573	0.421427	0.2806261
5886	-32.60579	-55.62499	23.01919	0.9495092	0.542782	0.457218	1.462245
5892	-31.18883	-54.28309	23.09427	0.1552215	0.155197	0.844803	1.971184
5898	-29.4605	-53.38071	23.92021	0.2057923	0.176694	0.823306	1.33991
5904	-30.46722	-53.23473	22.7675	1.610688	0.66801	0.33199	1.127528
5910	-31.43534	-54.64738	23.21204	0.09704207	0.944855	0.0551452	1.93112
5916	-32.94068	-56.085	23.14432	0.1647569	0.583129	0.416871	1.93112
5922	-29.92305	-54.25251	24.32946	0.1870408	0.652636	0.347364	0.9967166
5928	-35.58775	-56.43417	20.84643	0.6043728	0.812422	0.187578	3.096317
5934	-31.15354	-54.88845	23.73491	0.4132947	0.927321	0.0726794	1.322133
5940	-33.85999	-56.93024	23.07026	0.133682	0.988126	0.0118738	2.001618
5946	-32.14276	-54.83685	22.69408	0.3006822	0.417572	0.582428	2.139517
5952	-35.7002	-59.55028	23.85008	0.9664551	0.633233	0.366767	0.4590991
5958	-35.50915	-58.19898	22.68983	0.7607545	0.850194	0.149806	1.834778
5964	-30.2	-53.60134	23.40134	0.2797719	0.577228	0.422772	1.673519
5970	-28.13531	-51.95672	23.82141	0.362946	0.896346	0.103654	1.292861
5976	-30.18999	-54.65954	24.46955	0.2492496	0.146376	0.853624	0.7599752
5982	-35.73845	-57.49906	21.7606	0.6221866	0.230841	0.769159	2.529159
5988	-34.53208	-57.0571	22.52502	1.707628	0.422543	0.577457	1.253097
5994	-37.68233	-56.9159	19.23357	0.4892357	0.422543	0.577457	4.1008
6000	-35.30206	-57.56301	22.26096	1.182768	0.724001	0.275999	1.839494
6006	-34.24167	-56.44118	22.1995	0.9899532	0.682631	0.317369	2.011264
6012	-32.13029	-55.45266	23.32237	0.02337532	0.70251	0.29749	1.906328
6018	-36.99507	-60.23137	23.2363	0.06968658	0.874792	0.125208	1.933211
6024	-45.06951	-67.40656	22.33705	2.445126	0.669197	0.330803	0.3746706
6030	-33.26389	-56.25392	22.99003	0.9006963	0.669197	0.330803	1.520894
6036	-30.08776	-52.35537	22.26761	0.8223848	0.607126	0.392874	2.077098
6042	-36.76683	-58.03318	21.26635	0.1639965	0.425318	0.574682	3.108507
6048	-35.82336	-58.49048	22.66712	0.09857684	0.486748	0.513252	2.287491
6054	-38.45512	-59.90609	21.45098	1.653161	0.643741	0.356259	2.06778
6060	-36.92761	-60.05566	23.12805	1.162076	0.643741	0.356259	1.204633
6066	-33.58054	-57.26649	23.68595	0.6041802	0.879372	0.120628	1.204633
6072	-34.76599	-58.06252	23.29652	1.211738	0.851691	0.148309	1.00495
6078	-30.07935	-53.72115	23.6418	1.060163	0.651506	0.348494	0.7838843
6084	-34.02323	-57.6747	23.65147	0.7556774	0.576369	0.423631	1.101268
6090	-32.60305	-55.39879	22.79574	0.2294814	0.511921	0.488079	2.119616
6096	-32.97241	-55.23219	22.25978	0.1239506	0.969129	0.0308711	2.528573
6102	-32.91669	-55.77985	22.86316	1.922377	0.577095	0.422905	0.6431691
6108	-30.34441	-53.39303	23.04862	1.722578	0.887274	0.112726	0.3595284
6114	-29.62204	-53.10798	23.48595	0.3406441	0.909192	0.0908085	1.568318
6120	-40.01031	-60.18968	20.17938	1.527925	0.605392	0.394608	2.942609
6126	-30.43325	-53.923	23.48975	0.3099455	0.605392	0.394608	1.587999
6132	-28.66513	-53.14415	24.47902	0.006374998	0.333131	0.666869	1.027452
6138	-29.95098	-52.62229	22.67131	0.3969023	0.81941	0.18059	2.091426
6144	-30.67032	-53.79615	23.12583	0.2293189	0.718958	0.281042	1.899948
6150	-31.07544	-53.05758	21.98215	0.581016	0.551403	0.448597	2.416108
6156	-32.77136	-55.95515	23.18379	0.2000957	0.562997	0.437003	1.880413
6162	-28.62881	-51.85496	23.22615	0.524907	0.78751	0.21249	1.623315
6168	-30.51914	-52.27485	21.7557	0.6559297	0.858304	0.141696	2.511169
6174	-26.76861	-49.99008	23.22147	0.7178129	0.58189	0.41811	1.484514
6180	-27.20018	-50.75346	23.55327	0.3660908	0.766575	0.233425	1.499491
6186	-26.7081	-50.0703	23.36219	1.447941	0.806243	0.193757	0.5738423
6192	-33.27668	-56.76686	23.49018	1.283466	0.424944	0.575056	0.6682206
6198	-35.78267	-58.8465	23.06384	1.663074	0.698375	0.301625	0.7479381
6204	-33.28828	-56.8197	23.53141	1.28835	0.78404	0.21596	0.4876536
6210	-31.49449	-54.68628	23.19179	1.16281	0.783251	0.216749	1.14857
6216	-34.64081	-57.44836	22.80755	1.130433	0.970112	0.029888	1.485495
6222	-36.06048	-58.76056	22.70008	2.114768	0.608378	0.391622	0.5528645
6228	-33.63107	-56.74061	23.10954	1.297201	0.597252	0.402748	1.101644
6234	-37.73831	-60.65051	22.9122	1.901077	0.986325	0.0136749	0.443954
6240	-37.78108	-57.92033	20.13925	0.4973872	0.203831	0.796169	3.575317
6246	-25.98933	-50.22356	24.23424	0.3841491	0.468622	0.531378	0.8880586
6252	-33.2878	-56.79327	23.50547	1.309614	0.198321	0.801679	0.5516097
6258	-34.70863	-56.66481	21.95618	2.843882	0.927477	0.0725227	0.4065238
6264	-36.75404	-60.03201	23.27797	0.2699646	0.930466	0.0695345	1.767399
6270	-27.6604	-50.21961	22.55921	0.3883868	0.90594	0.0940599	2.170227
6276	-29.74626	-52.29921	22.55295	0.3341641	0.80495	0.19505	2.20942
6282	-27.65779	-50.48512	22.82734	0.4333694	0.977002	0.0229978	1.963664
6288	-27.7751	-50.07794	22.30285	1.095315	0.922175	0.0778252	1.870681
6294	-30.39292	-53.47989	23.08696	0.3107053	0.840378	0.159622	1.871016
6300	-33.57675	-55.8623	22.28555	1.112614	0.483703	0.516297	1.870681
6306	-38.74293	-60.49975	21.75681	0.126854	0.359798	0.640202	2.83597
6312	-39.50207	-61.51095	22.00887	2.163443	0.432052	0.567948	1.302654
6318	-37.32743	-60.2424	22.91497	1.865982	0.315268	0.684732	0.6531904
6324	-32.23802	-55.0542	22.81618	0.7028685	0.843245	0.156755	1.787492
6330	-27.64456	-51.4395	23.79495	0.5852671	0.426151	0.573849	1.125713
6336	-31.95408	-55.04249	23.08841	0.704643	0.349855	0.650145	1.592846
6342	-36.40275	-56.53902	20.13627	0.3930991	0.90472	0.0952801	3.637585
6348	-41.89643	-65.10399	23.20757	1.6125	0.62319	0.37681	0.4979802
6354	-30.94756	-53.82431	22.87675	0.1664129	0.493829	0.506171	2.107868
6360	-33.3824	-57.34524	23.96285	0.08736775	0.419826	0.580174	1.399596
6366	-30.84112	-52.37828	21.53716	0.8882194	0.494296	0.505704	2.50258
6372	-33.70547	-57.1623	23.45683	0.6782789	0.48657	0.51343	1.332635
6378	-32.10715	-54.60591	22.49876	1.287253	0.749329	0.250671	1.597968
6384	-41.27443	-61.9835	20.70907	0.327834	0.176543	0.823457	3.341345
6390	-37.24793	-58.42314	21.17521	0.8662875	0.874269	0.125731	2.739805
6396	-30.65584	-53.67424	23.0184	1.152998	0.618393	0.381607	1.303396
6402	-31.26737	-54.71891	23.45154	0.6641875	0.491286	0.508714	1.34809
6408	-36.31691	-58.74936	22.43245	2.008505	0.702149	0.297851	1.069928
6414	-28.92554	-52.43181	23.50627	1.248654	0.883067	0.116933	0.7028198
6420	-27.43406	-50.56046	23.1264	1.616693	0.751276	0.248724	0.7226422
6426	-31.32695	-54.43272	23.10577	1.712899	0.858271	0.141729	0.5269761
6432	-26.18837	-49.31068	23.12232	1.15347	0.858271	0.141729	1.216849
6438	-27.91227	-50.81594	22.90367	0.3174815	0.813802	0.186198	1.990138
6444	-27.89653	-51.78648	23.88996	0.6835843	0.813802	0.186198	0.9376536
6450	-26.57609	-50.20752	23.63143	0.9771141	0.893243	0.106757	0.899227
6456	-25.64447	-49.47993	23.83546	0.5522856	0.851975	0.148025	1.118918
6462	-32.31015	-55.21402	22.90386	0.265862	0.405677	0.594323	2.024379
6468	-30.64385	-53.87136	23.22751	1.301514	0.866306	0.133694	0.9840698
6474	-39.99855	-63.67066	23.67211	0.7739682	0.900901	0.0990991	1.065111
6480	-29.35733	-52.92828	23.57095	0.09591888	0.563553	0.436447	1.683665
6486	-39.42851	-61.19774	21.76923	0.9701954	0.838347	0.161653	2.304284
6492	-30.15613	-53.7907	23.63457	0.2359532	0.929248	0.0707516	1.535912
6498	-34.65781	-57.66144	23.00363	0.6242678	0.930974	0.0690264	1.711282
6504	-28.39093	-51.38201	22.99108	0.1321819	0.854473	0.145527	2.055154
6510	-28.84894	-52.72816	23.87922	0.8769884	0.744563	0.255437	0.7005934
6516	-28.75266	-52.51917	23.76651	0.8314789	0.773924	0.226076	0.9110173
6522	-30.46255	-53.61408	23.15153	1.254533	0.814312	0.185688	1.10226
6528	-34.13102	-56.58976	22.45873	0.2874847	0.838225	0.161775	2.299943
6534	-36.85431	-58.75873	21.90442	1.210521	0.779451	0.220549	2.060652
6540	-34.58471	-57.69113	23.10641	0.008526529	0.577459	0.422541	2.060652
6546	-33.3096	-57.45185	24.14225	0.0116823	0.696106	0.303894	1.317522
6552	-31.06244	-55.26695	24.20451	0.015484	0.155991	0.844009	1.263596
6558	-35.64752	-59.52426	23.87674	0.1364831	0.608536	0.391464	1.428211
6564	-36.26282	-59.50873	23.24591	1.370807	0.941034	0.0589663	0.8899681
6570	-34.3139	-57.72552	23.41162	0.295562	0.660949	0.339051	1.654884
6576	-33.16213	-55.71736	22.55524	0.8909092	0.763965	0.236035	1.837831
6582	-34.27598	-57.56904	23.29306	0.891418	0.849061	0.150939	1.292762
6588	-33.11693	-55.56061	22.44368	0.7580513	0.767954	0.232046	2.003087
6594	-30.591	-53.6017	23.0107	1.435752	0.439948	0.560052	1.064761
6600	-33.7247	-56.42809	22.70339	0.6452252	0.439948	0.560052	1.904379
