Iteration	Posterior	Likelihood	Prior	rate_log_sd	root_freqs[1]	root_freqs[2]	tree_length
0	-31.59145	-54.89074	23.2993	1.249094	0.490197	0.509803	0.2158651
6	-34.88549	-58.20115	23.31566	1.495791	0.563764	0.436236	0.4371849
12	-29.23706	-53.38644	24.14937	0.6518229	0.650619	0.349381	0.6035515
18	-31.17439	-55.52741	24.35302	0.1357637	0.516652	0.483348	1.024147
24	-31.20113	-54.16349	22.96236	1.52643	0.882923	0.117077	1.024147
30	-31.19578	-54.47452	23.27874	1.165609	0.513321	0.486679	1.066736
36	-38.19403	-59.55326	21.35924	0.8822499	0.46833	0.53167	2.616854
42	-43.45365	-64.13286	20.67921	0.6381407	0.706897	0.293103	3.1757
48	-37.5794	-60.62771	23.04831	0.570377	0.724677	0.275323	1.717781
54	-36.73042	-57.9028	21.17238	1.006413	0.845389	0.154611	2.655536
60	-36.40175	-59.699	23.29725	0.410977	0.649003	0.350997	1.654137
66	-33.82309	-56.3319	22.50881	0.5353751	0.654812	0.345188	2.107195
72	-33.39362	-57.54063	24.14701	0.6728102	0.599551	0.400449	0.511397
78	-32.12558	-54.29389	22.1683	0.5698075	0.76733	0.23267	2.305124
84	-33.80322	-56.60972	22.8065	1.620602	0.419771	0.580229	1.082864
90	-35.63539	-59.6753	24.03992	0.7645107	0.325888	0.674112	0.5937417
96	-31.50147	-54.68914	23.18767	0.3793343	0.694967	0.305033	1.754083
102	-28.94297	-51.41917	22.4762	0.2794668	0.75833	0.24167	2.293904
108	-29.6286	-53.41121	23.78261	0.5178262	0.602954	0.397046	1.1958
114	-32.04439	-54.93294	22.88855	0.4761445	0.995711	0.00428877	1.893467
120	-31.60437	-55.18937	23.585	0.2195345	0.761946	0.238054	1.584467
126	-30.8931	-54.1634	23.2703	0.5342314	0.945693	0.0543075	1.584467
132	-34.50436	-57.6838	23.17944	0.6250957	0.644251	0.355749	1.584467
138	-33.7764	-56.78224	23.00584	0.5799263	0.454973	0.545027	1.740942
144	-30.28022	-53.59058	23.31036	0.4364163	0.452362	0.547638	1.626409
150	-26.51779	-50.03754	23.51975	1.086221	0.49196	0.50804	0.2399365
156	-30.75339	-53.13606	22.38266	2.296452	0.785346	0.214654	0.2792755
162	-37.70265	-60.8655	23.16285	1.065631	0.444252	0.555748	1.256559
168	-37.35544	-58.4575	21.10205	0.5296121	0.448492	0.551508	2.988096
174	-36.45764	-59.61496	23.15731	1.248193	0.514584	0.485416	1.102771
180	-34.29893	-57.15221	22.85327	1.966277	0.871707	0.128293	0.4840009
186	-28.8418	-52.58068	23.73888	0.7881514	0.876949	0.123051	0.9860889
192	-32.88146	-54.72285	21.84139	1.710739	0.685821	0.314179	1.764473
198	-31.73579	-54.16802	22.43223	1.210652	0.75028	0.24972	1.700687
204	-29.83284	-53.41436	23.58153	1.166416	0.931404	0.0685956	0.7146763
210	-29.72215	-53.24567	23.52352	1.258794	0.826558	0.173442	0.3748803
216	-28.86678	-52.8295	23.96271	0.7515997	0.97209	0.0279097	0.7664805
222	-34.46509	-58.01873	23.55364	0.9990438	0.965471	0.0345286	0.9596992
228	-25.34579	-48.0629	22.71711	0.1800946	0.869036	0.130964	2.202894
234	-31.98279	-53.95826	21.97547	0.1994895	0.406473	0.593527	2.657896
240	-35.19492	-57.49626	22.30133	0.4795187	0.72378	0.27622	2.277786
246	-30.95385	-54.02593	23.07209	0.7515363	0.958946	0.0410538	1.570493
252	-33.2467	-57.35992	24.11322	0.2929721	0.48853	0.51147	1.102144
258	-26.98925	-50.55939	23.57014	0.6009315	0.931728	0.0682723	1.303667
264	-29.3097	-51.88385	22.57414	0.3227888	0.948228	0.051772	2.20307
270	-34.67901	-54.88996	20.21094	0.1302444	0.997052	0.00294807	3.746417
276	-36.6397	-57.19836	20.55867	0.6740907	0.883174	0.116826	3.225825
282	-37.11182	-57.9815	20.86968	1.240591	0.64797	0.35203	2.697669
288	-31.1435	-54.95228	23.80878	0.1646349	0.382626	0.617374	1.458665
294	-35.4506	-57.5351	22.0845	0.4641744	0.371243	0.628757	2.425241
300	-28.46285	-52.33113	23.86828	0.6846942	0.55968	0.44032	0.9594007
306	-28.24694	-51.54049	23.29356	1.360947	0.769402	0.230598	0.845368
312	-30.69636	-53.87873	23.18238	0.7966169	0.814808	0.185192	1.454417
318	-32.38466	-55.29758	22.91292	0.03619869	0.530114	0.469886	2.169242
324	-34.02873	-57.11333	23.0846	1.403692	0.884594	0.115406	1.024632
330	-39.34168	-62.74838	23.40671	0.7252554	0.817655	0.182345	1.33515
336	-37.9066	-61.06288	23.15627	1.663722	0.870407	0.129593	0.4936883
342	-36.31061	-59.46688	23.15627	1.663722	0.984745	0.0152548	0.4936883
348	-36.0464	-59.28038	23.23398	1.174653	0.960624	0.0393756	1.099906
354	-37.10713	-60.43962	23.33249	1.174653	0.706394	0.293606	1.006056
360	-35.02852	-58.01073	22.98221	1.174653	0.964629	0.0353714	1.315157
366	-37.35165	-59.94352	22.59187	1.564998	0.703094	0.296906	1.315157
372	-34.5593	-56.1846	21.6253	3.130576	0.951992	0.0480077	0.3415697
378	-30.51323	-53.89055	23.37732	1.385993	0.984	0.0159996	0.6878968
384	-33.12812	-55.98475	22.85663	1.262052	0.788504	0.211496	1.34574
390	-34.88844	-57.82384	22.9354	1.86599	0.538624	0.461376	0.6029706
396	-35.23713	-57.94457	22.70744	2.039519	0.661291	0.338709	0.7163057
402	-36.87707	-58.32183	21.44476	1.934844	0.432163	0.567837	1.883331
408	-31.65601	-54.13363	22.47762	2.217197	0.685479	0.314521	0.7936359
414	-27.1347	-49.93346	22.79876	1.853597	0.715201	0.284799	0.2634091
420	-35.70207	-57.52369	21.82163	2.622735	0.756536	0.243464	1.066729
426	-33.33735	-56.96311	23.62576	0.7997383	0.997127	0.00287293	1.084357
432	-31.66343	-55.1462	23.48277	1.295229	0.672943	0.327057	0.3686242
438	-30.44377	-54.12141	23.67763	0.7082492	0.750432	0.249568	1.120602
444	-32.64629	-55.08945	22.44316	0.1850495	0.712395	0.287605	2.375004
450	-38.0563	-59.56795	21.51165	0.2649871	0.787112	0.212888	2.900781
456	-35.04382	-57.67068	22.62686	1.548071	0.886336	0.113664	1.300529
462	-33.03279	-56.19139	23.1586	1.053491	0.510393	0.489607	1.27012
468	-34.22236	-55.75596	21.5336	0.5610553	0.871862	0.128138	2.707249
474	-34.96313	-57.8837	22.92057	1.243865	0.799015	0.200985	1.30904
480	-31.31262	-54.96608	23.65346	0.666574	0.397785	0.602215	1.178873
486	-29.43702	-52.4662	23.02918	1.787949	0.400374	0.599626	0.5393397
492	-27.3551	-51.56673	24.21163	0.1915525	0.846375	0.153625	1.104895
498	-30.39663	-53.68858	23.29195	0.6636877	0.585319	0.414681	1.472156
504	-39.35393	-60.75604	21.4021	1.637006	0.848787	0.151213	2.110524
510	-30.48097	-54.62002	24.13905	0.6636441	0.501912	0.498088	0.5990989
516	-31.08318	-54.4835	23.40032	0.9485014	0.906782	0.0932184	1.153677
522	-30.17961	-54.09614	23.91654	0.1483064	0.322693	0.677307	1.388188
528	-29.18175	-52.24097	23.05922	0.1843581	0.611947	0.388053	1.975142
534	-35.67207	-59.33629	23.66423	1.051142	0.227532	0.772468	0.7649611
540	-27.29641	-50.43757	23.14115	0.1421769	0.45722	0.54278	1.948467
546	-36.57088	-60.73952	24.16864	0.2437465	0.362442	0.637558	1.096458
552	-30.00531	-53.48785	23.48254	0.008322381	0.485892	0.514108	1.807021
558	-27.36789	-51.50112	24.13323	0.01549974	0.479583	0.520417	1.321709
564	-30.36977	-53.23853	22.86876	0.2394303	0.469498	0.530502	2.065105
570	-26.8581	-50.55555	23.69746	0.9410016	0.831414	0.168586	0.8646853
576	-27.26144	-50.86298	23.60154	1.008926	0.916318	0.083682	0.8970624
582	-30.75714	-54.48931	23.73218	0.8076004	0.538505	0.461495	0.9730762
588	-34.70472	-58.71306	24.00834	0.33549	0.864523	0.135477	1.158075
594	-31.12776	-54.46459	23.33682	0.8626843	0.864523	0.135477	1.280472
600	-33.75144	-57.61994	23.8685	0.6276371	0.760781	0.239219	1.016943
606	-35.5124	-57.93006	22.41766	1.704258	0.995635	0.0043655	1.343166
612	-38.13567	-61.18586	23.05019	1.747304	0.694914	0.305086	0.6139163
618	-33.54097	-56.50146	22.96049	1.822218	0.989913	0.0100866	0.3754736
624	-38.77157	-61.49507	22.72349	1.837414	0.264617	0.735383	0.9510759
630	-37.03077	-60.89938	23.86861	0.6922957	0.960061	0.0399395	0.9510759
636	-30.67118	-54.45213	23.78096	0.8764127	0.965475	0.0345248	0.8418487
642	-36.0598	-58.91032	22.85051	1.175321	0.462088	0.537912	1.41849
648	-31.68723	-55.53202	23.84479	0.2292113	0.938392	0.0616082	1.381018
654	-37.01729	-60.69893	23.68164	0.009343931	0.773751	0.226249	1.666476
660	-28.63459	-51.98225	23.34767	0.08392807	0.720429	0.279571	1.847816
666	-29.93579	-53.98579	24.05	0.2549028	0.396751	0.603249	1.191959
672	-25.52922	-49.83121	24.30199	0.002913633	0.63722	0.36278	1.191959
678	-33.89504	-56.03478	22.13974	0.0246311	0.55811	0.44189	2.664419
684	-31.95503	-53.94386	21.98883	0.01534952	0.48886	0.51114	2.762607
690	-31.98508	-55.71514	23.73006	0.3148356	0.746406	0.253594	1.403727
696	-29.00995	-52.39013	23.38018	1.121596	0.609167	0.390833	1.011379
702	-28.10696	-51.31179	23.20483	0.07204122	0.744904	0.255096	1.952811
708	-24.93803	-49.10993	24.1719	0.07877494	0.718312	0.281688	1.23804
714	-28.05543	-51.42291	23.36749	0.7835101	0.432216	0.567784	1.319885
720	-30.96512	-54.59685	23.63173	0.2258381	0.831561	0.168439	1.545502
726	-29.59832	-53.09346	23.49514	1.0376	0.844215	0.155785	0.9802889
732	-30.79885	-55.23216	24.43331	0.09942266	0.929182	0.0708178	0.9802889
738	-31.26595	-54.57931	23.31337	1.096058	0.32644	0.67356	1.099181
744	-31.78081	-56.25655	24.47574	0.3020131	0.630091	0.369909	0.6599026
750	-30.37542	-53.83023	23.45481	0.8241616	0.691634	0.308366	1.214147
756	-33.96092	-56.76906	22.80814	1.00352	0.646637	0.353363	1.579259
762	-28.57774	-51.62256	23.04482	0.567659	0.83742	0.16258	1.722159
768	-31.48793	-53.73511	22.24718	0.2921258	0.907115	0.092885	2.43114
774	-36.70825	-56.14484	19.43659	0.7749185	0.962064	0.0379356	3.821128
780	-39.19388	-59.75954	20.56566	0.3405416	0.920423	0.0795771	3.418043
786	-33.24599	-55.98693	22.74094	1.093853	0.897762	0.102238	1.56229
792	-37.54167	-59.84415	22.30248	2.345231	0.478042	0.521958	0.8536233
798	-34.87024	-57.65177	22.78153	1.424725	0.663191	0.336809	1.274925
804	-26.80136	-50.98034	24.17898	0.6376226	0.404727	0.595273	0.5428332
810	-31.98367	-54.40888	22.42522	0.5583555	0.558316	0.441684	2.146819
816	-35.34205	-56.45527	21.11323	1.384152	0.745675	0.254325	2.457493
822	-27.73755	-50.56887	22.83132	1.979177	0.320023	0.679977	0.4339647
828	-29.29242	-52.52023	23.22781	1.180503	0.822594	0.177406	1.100201
834	-30.87373	-53.39276	22.51903	1.326735	0.719802	0.280198	1.554213
840	-34.79433	-56.7716	21.97726	0.7097229	0.33303	0.66697	2.337701
846	-41.82252	-63.33449	21.51197	2.319312	0.784688	0.215312	1.564871
852	-37.57333	-59.65999	22.08667	2.112258	0.889753	0.110247	1.280947
858	-34.62114	-57.8177	23.19656	1.226299	0.857923	0.142077	1.086804
864	-37.63395	-59.90427	22.27032	2.536891	0.857923	0.142077	0.424025
870	-33.1751	-55.64992	22.47482	0.783696	0.839016	0.160984	1.965135
876	-27.2427	-50.27469	23.03199	0.4565292	0.513911	0.486089	1.808638
882	-28.41472	-52.13658	23.72186	1.066186	0.985003	0.0149972	0.6374418
888	-32.94029	-55.90931	22.96902	1.196405	0.985003	0.0149972	1.308239
894	-38.72944	-61.08839	22.35895	0.5390216	0.634564	0.365436	2.202399
900	-37.25206	-60.86958	23.61752	0.783735	0.74586	0.25414	1.106653
906	-33.78212	-55.0254	21.24327	0.6615025	0.886357	0.113643	2.823149
912	-30.73883	-52.47663	21.7378	0.5817053	0.886357	0.113643	2.568523
918	-27.35587	-49.37222	22.01635	0.9259524	0.956407	0.0435934	2.173668
924	-32.77504	-55.50789	22.73285	0.2094506	0.655981	0.344019	2.173668
930	-29.17789	-52.57191	23.39402	0.2520013	0.325886	0.674114	1.69846
936	-25.43144	-49.52949	24.09804	0.7127117	0.459002	0.540998	0.5714045
942	-30.28971	-53.25125	22.96154	1.778195	0.883287	0.116713	0.728045
948	-31.04244	-53.50759	22.46515	2.313127	0.926021	0.0739791	0.3690224
954	-31.1467	-53.96818	22.82148	1.856029	0.845458	0.154542	0.2782643
960	-42.69028	-62.87639	20.1861	2.948703	0.15758	0.84242	2.047522
966	-35.80801	-59.43232	23.62431	1.103413	0.931985	0.0680155	0.7467025
972	-34.22764	-57.97923	23.75159	0.5103858	0.655911	0.344089	1.228532
978	-32.15525	-54.00143	21.84618	1.348371	0.78032	0.21968	2.007873
984	-33.99626	-57.22718	23.23091	1.566865	0.853204	0.146796	0.6131447
990	-28.37205	-51.32809	22.95604	0.8372651	0.452344	0.547656	1.592662
996	-30.99112	-53.76976	22.77864	2.019553	0.837508	0.162492	0.61202
1002	-32.87249	-55.35659	22.4841	2.161516	0.404666	0.595334	0.2597111
1008	-30.05558	-53.03847	22.9829	1.666045	0.635182	0.364818	0.8521337
1014	-34.40354	-55.85211	21.44858	0.7777452	0.653708	0.346292	2.626223
1020	-29.25914	-52.15235	22.89321	1.448195	0.4871	0.5129	1.160211
1026	-33.19276	-57.53976	24.347	0.4049097	0.632753	0.367247	0.7080068
1032	-30.9654	-54.89667	23.93126	0.6832007	0.760362	0.239638	0.8925337
1038	-30.11718	-53.99892	23.88174	0.7327185	0.613719	0.386281	0.8925337
1044	-28.67713	-52.40181	23.72468	0.7407669	0.298696	0.701304	1.046719
1050	-25.45223	-49.80125	24.34902	0.4598093	0.766898	0.233102	0.5787621
1056	-29.77865	-53.78763	24.00898	0.7134562	0.231242	0.768758	0.7546194
1062	-29.42873	-53.19125	23.76252	0.2613165	0.725022	0.274978	1.42003
1068	-34.45796	-58.16846	23.7105	0.7435606	0.577727	0.422273	1.057562
1074	-31.58169	-52.501	20.91931	0.2901514	0.174495	0.825505	3.239604
1080	-33.11941	-55.53092	22.41151	0.4206097	0.700321	0.299679	2.244875
1086	-30.14596	-54.35205	24.20608	0.2587476	0.291293	0.708707	1.047304
1092	-29.51247	-53.20189	23.68942	0.2593373	0.692061	0.307939	1.477359
1098	-34.37316	-56.77624	22.40308	0.2001119	0.614008	0.385992	2.390836
1104	-29.64888	-53.27992	23.63105	0.7603405	0.443985	0.556015	1.115624
1110	-31.52863	-55.85274	24.32411	0.3465902	0.726303	0.273697	0.8251932
1116	-31.66854	-55.04617	23.37763	0.5136969	0.859231	0.140769	1.520451
1122	-34.99115	-58.0088	23.01765	1.213517	0.353117	0.646883	1.254328
1128	-42.86418	-63.80622	20.94204	3.401945	0.644123	0.355877	1.157942
1134	-33.17676	-56.14246	22.9657	0.4596628	0.599657	0.400343	1.852084
1140	-33.7204	-56.4798	22.7594	0.968433	0.861205	0.138795	1.640063
1146	-31.87216	-56.1457	24.27354	0.07056204	0.665114	0.334886	1.157832
1152	-38.31646	-61.23217	22.91571	0.3621187	0.889974	0.110026	1.952166
1158	-33.37179	-56.19633	22.82454	0.4532906	0.450819	0.549181	1.952166
1164	-36.79645	-59.51879	22.72234	0.8348967	0.0654055	0.934595	1.760903
1170	-26.52892	-49.60302	23.0741	1.242366	0.938148	0.0618519	1.18197
1176	-27.78262	-51.45654	23.67391	0.9655864	0.839165	0.160835	0.8634536
1182	-31.05147	-54.5543	23.50283	0.889768	0.291072	0.708928	1.11453
1188	-33.1765	-56.04216	22.86565	0.2348318	0.127955	0.872045	2.070187
1194	-32.58708	-54.64286	22.05577	0.3322151	0.726228	0.273772	2.525919
1200	-42.85475	-64.05629	21.20154	1.467377	0.820172	0.179828	2.349187
1206	-34.48263	-57.45832	22.97568	1.03264	0.454613	0.545387	1.431978
1212	-41.64527	-63.17763	21.53235	0.7381887	0.406197	0.593803	2.598879
1218	-33.53924	-56.47927	22.94002	0.2161987	0.411485	0.588515	2.03334
1224	-36.55981	-60.59556	24.03575	0.5483686	0.110186	0.889814	0.9262419
1230	-31.51861	-55.75049	24.23188	0.5826271	0.230359	0.769641	0.554645
1236	-33.66897	-56.7902	23.12123	1.46948	0.366761	0.633239	0.9190443
1242	-34.76985	-59.30652	24.53667	0.1657001	0.373743	0.626257	0.7833104
1248	-31.49718	-54.60518	23.10801	0.1514632	0.373743	0.626257	1.964493
1254	-36.14069	-59.35744	23.21675	0.04271847	0.930911	0.069089	1.964493
1260	-32.9795	-56.7456	23.7661	0.1996012	0.342181	0.657819	1.464528
1266	-35.72394	-58.94887	23.22493	0.5227407	0.0412482	0.958752	1.625765
1272	-40.86343	-62.52747	21.66404	0.6352504	0.53629	0.46371	2.581067
1278	-33.46034	-56.68827	23.22793	1.505307	0.730221	0.269779	0.7382652
1284	-36.35546	-59.6884	23.33294	1.028533	0.526005	0.473995	1.142474
1290	-36.53319	-60.32043	23.78725	0.03022075	0.426197	0.573803	1.575006
1296	-34.95934	-58.67826	23.71892	0.09854695	0.406886	0.593114	1.575006
1302	-33.3866	-57.18233	23.79573	0.05240723	0.872749	0.127251	1.552466
1308	-29.75065	-53.82188	24.07122	0.1498114	0.845538	0.154462	1.262732
1314	-35.62784	-57.52318	21.89534	2.642396	0.52165	0.47835	0.9751671
1320	-29.86837	-52.87496	23.00659	0.1853777	0.293056	0.706944	2.009591
1326	-31.58825	-55.37933	23.79108	0.2133593	0.616909	0.383091	1.43496
1332	-29.56657	-53.62292	24.05635	0.377294	0.429269	0.570731	1.076774
1338	-28.13314	-52.71653	24.58339	0.08555603	0.595068	0.404932	0.827412
1344	-33.17496	-55.5472	22.37224	0.5628343	0.650597	0.349403	2.178358
1350	-35.88058	-57.31154	21.43096	0.8055863	0.954186	0.0458137	2.619909
1356	-31.96175	-55.30172	23.33997	1.33001	0.988385	0.0116154	0.8261058
1362	-26.56146	-50.00634	23.44488	1.33001	0.877814	0.122186	0.6657249
1368	-28.48106	-51.74013	23.25907	0.7732358	0.534938	0.465062	1.413489
1374	-30.60084	-53.61879	23.01795	0.9746996	0.99386	0.00614008	1.443995
1380	-33.17194	-54.85961	21.68767	0.1239916	0.937427	0.062573	2.879606
1386	-33.43484	-57.3073	23.87246	0.8630416	0.903695	0.0963048	0.7347417
1392	-28.64183	-50.83439	22.19256	0.3445934	0.996183	0.00381749	2.432489
1398	-29.06241	-51.1935	22.13108	0.1112087	0.966135	0.0338647	2.616356
1404	-33.95297	-56.39057	22.43761	0.02488138	0.45008	0.54992	2.479369
1410	-32.7036	-54.67625	21.97265	0.4388522	0.297243	0.702757	2.511253
1416	-31.88842	-55.55846	23.67004	0.3164553	0.675405	0.324595	1.448692
1422	-31.17446	-54.37051	23.19605	0.6789882	0.27987	0.72013	1.532559
1428	-33.44019	-56.7848	23.34461	0.5304313	0.903106	0.0968936	1.532559
1434	-34.4936	-57.54811	23.05451	0.8766279	0.388903	0.611097	1.490646
1440	-34.49034	-57.05111	22.56076	0.7000888	0.236916	0.763084	1.963567
1446	-33.41294	-55.2233	21.81036	0.6696448	0.885262	0.114738	2.468392
1452	-34.3034	-58.36874	24.06534	0.028441	0.885066	0.114934	1.365472
1458	-31.14055	-54.14078	23.00023	0.4787895	0.962061	0.0379394	1.815199
1464	-32.32533	-53.95941	21.63408	0.8084819	0.959937	0.0400625	2.491844
1470	-36.29127	-59.89462	23.60334	1.172901	0.346065	0.653935	0.6629929
1476	-31.21962	-55.06364	23.84402	0.2504856	0.88207	0.11793	1.364896
1482	-32.94718	-56.26423	23.31705	0.7774571	0.419283	0.580717	1.364896
1488	-33.17155	-55.55117	22.37962	0.06921461	0.612431	0.387569	2.487917
1494	-37.62398	-60.58743	22.96345	1.238487	0.968517	0.031483	1.278477
1500	-29.78788	-51.87608	22.0882	0.07374172	0.598726	0.401274	2.665912
1506	-30.91876	-54.23725	23.31849	0.6790029	0.334784	0.665216	1.440281
1512	-27.04149	-50.12484	23.08335	0.09389966	0.93224	0.0677602	2.019384
1518	-26.61183	-50.49537	23.88354	0.01380125	0.968736	0.0312644	1.515967
1524	-26.74686	-49.95083	23.20398	0.5144827	0.965017	0.0349831	1.646798
1530	-32.72133	-56.11051	23.38918	0.8987103	0.45639	0.54361	1.20655
1536	-29.37279	-52.96357	23.59078	0.4884659	0.708731	0.291269	1.376908
1542	-35.94922	-59.92509	23.97588	0.8214344	0.928203	0.0717967	0.6144047
1548	-30.67573	-53.81195	23.13622	0.4850663	0.555712	0.444288	1.715955
1554	-33.14012	-55.97586	22.83574	0.5083491	0.433888	0.566112	1.907452
1560	-30.38676	-53.79847	23.41171	0.5371994	0.516192	0.483808	1.477245
1566	-35.40016	-59.05135	23.65119	1.12945	0.794677	0.205323	0.6538663
1572	-32.45949	-55.1178	22.65831	0.9592114	0.768047	0.231953	1.718608
1578	-31.54157	-55.87487	24.3333	0.3825876	0.992872	0.00712821	0.7642121
1584	-29.49629	-53.00046	23.50417	1.207025	0.861012	0.138988	0.7709423
1590	-33.02359	-56.70581	23.68222	0.7055874	0.713185	0.286815	1.118863
1596	-34.26194	-57.75918	23.49724	1.270096	0.908845	0.0911549	0.6804294
1602	-31.17981	-54.45754	23.27772	0.2489149	0.799543	0.200457	1.782224
1608	-34.97369	-58.14251	23.16882	0.9683394	0.978238	0.0217622	1.330995
1614	-34.85241	-57.99344	23.14103	0.6690242	0.406055	0.593945	1.580433
1620	-35.88379	-59.02631	23.14252	1.283355	0.585297	0.414703	1.084003
1626	-36.07921	-59.46842	23.38921	1.31606	0.993424	0.00657607	0.7792925
1632	-34.73217	-57.67309	22.94091	1.759351	0.870946	0.129054	0.7862169
1638	-36.57606	-59.8059	23.22984	1.590192	0.870946	0.129054	0.4953756
1644	-33.91527	-57.82108	23.90581	0.5863383	0.480635	0.519365	1.020855
1650	-36.20646	-57.71121	21.50475	2.206441	0.19712	0.80288	1.652009
1656	-29.01849	-51.81563	22.79715	0.3601265	0.646054	0.353946	2.032643
1662	-28.35705	-51.89935	23.5423	0.5979669	0.330317	0.669683	1.3285
1668	-29.81555	-52.63102	22.81547	0.7806381	0.30731	0.69269	1.733682
1674	-30.37826	-53.72128	23.34302	0.5326349	0.769349	0.230651	1.532102
1680	-33.73608	-54.96931	21.23323	0.3253742	0.954114	0.0458863	3.031907
1686	-31.46055	-55.5437	24.08315	0.3002454	0.971282	0.0287176	1.122844
1692	-32.56567	-55.46614	22.90048	0.5702839	0.92163	0.0783701	1.820894
1698	-29.81997	-53.16441	23.34445	0.6827761	0.294713	0.705287	1.417416
1704	-38.71451	-61.7453	23.0308	1.788993	0.781605	0.218395	0.5119562
1710	-42.69052	-63.18365	20.49313	2.622183	0.791422	0.208578	2.060403
1716	-47.32688	-69.00773	21.68085	2.280735	0.798836	0.201164	1.467648
1722	-39.05607	-61.55577	22.4997	0.9615646	0.522166	0.477834	1.827436
1728	-33.39437	-56.95403	23.55966	0.6258653	0.828769	0.171231	1.291905
1734	-32.83675	-56.49324	23.65649	1.085344	0.847257	0.152743	0.7246845
1740	-37.73305	-61.09216	23.35911	1.44828	0.958847	0.0411526	0.4245333
1746	-43.20612	-63.89196	20.68584	4.103589	0.536981	0.463019	0.6342031
1752	-30.50155	-53.70513	23.20359	1.55591	0.717036	0.282964	0.6947897
1758	-30.6586	-54.402	23.7434	0.2193443	0.128443	0.871557	1.466766
1764	-30.51097	-53.15164	22.64067	0.2180422	0.392862	0.607138	2.227752
1770	-28.12815	-51.7554	23.62725	1.106649	0.770003	0.229997	0.3201034
1776	-29.06873	-53.30929	24.24056	0.5790306	0.782709	0.217291	0.5157269
1782	-29.4735	-53.42667	23.95316	0.4299835	0.396072	0.603928	1.123072
1788	-26.34848	-50.29651	23.94803	0.6475476	0.565666	0.434334	0.9136886
1794	-25.22554	-48.78163	23.55609	0.7369585	0.78127	0.21873	1.202138
1800	-29.42007	-52.94558	23.52551	1.011596	0.601715	0.398285	0.9758166
1806	-29.03338	-52.64466	23.61129	1.107423	0.525773	0.474227	0.7601103
1812	-33.11803	-57.36091	24.24288	0.2806181	0.623705	0.376295	0.9896696
1818	-27.92376	-52.10356	24.1798	0.3933064	0.60515	0.39485	0.9381122
1824	-32.28943	-56.30072	24.01129	0.6234807	0.60515	0.39485	0.869047
1830	-35.54795	-57.04742	21.49946	0.2676014	0.846644	0.153356	2.906565
1836	-33.65377	-55.28919	21.63542	0.2894131	0.305401	0.694599	2.810957
1842	-33.86458	-56.96283	23.09825	1.718446	0.575971	0.424029	0.5422425
1848	-36.32735	-58.94037	22.61303	1.388235	0.474896	0.525104	1.437395
1854	-36.29042	-57.8193	21.52887	2.032087	0.414288	0.585712	1.758305
1860	-29.91627	-53.4007	23.48443	0.4757625	0.59381	0.40619	1.468704
1866	-30.66157	-54.81394	24.15236	0.3853306	0.43279	0.56721	0.9752139
1872	-28.3349	-51.2569	22.922	0.7271849	0.847906	0.152094	1.696219
1878	-37.85842	-60.27553	22.41711	1.208087	0.528023	0.471977	1.713192
1884	-36.01612	-57.48093	21.46481	3.295714	0.952713	0.0472866	0.3466938
1890	-28.52225	-51.61432	23.09207	1.115289	0.882821	0.117179	1.274019
1896	-26.83006	-50.40118	23.57112	1.224707	0.948079	0.0519206	0.6183414
1902	-33.20887	-56.55601	23.34714	1.224707	0.938639	0.0613609	0.225113
1908	-36.31926	-58.92227	22.60301	1.369191	0.818528	0.181472	1.459589
1914	-33.74113	-57.16725	23.42612	1.284336	0.862622	0.137378	0.7719915
1920	-28.00646	-51.17677	23.17031	0.2728888	0.286207	0.713793	1.839855
1926	-32.01983	-55.3422	23.32236	0.07921498	0.205129	0.794871	1.868348
1932	-35.64981	-59.666	24.01619	0.009774767	0.491861	0.508139	1.418388
1938	-29.10542	-51.51371	22.40829	0.4808423	0.59371	0.40629	2.208114
1944	-31.11389	-53.25326	22.13937	1.045797	0.839197	0.160803	2.014116
1950	-31.55386	-54.06085	22.50699	0.7543416	0.807436	0.192564	1.963242
1956	-34.3851	-58.91995	24.53485	0.02726067	0.730064	0.269936	0.9498113
1962	-34.22515	-56.91461	22.68946	0.00973581	0.589291	0.410709	2.329931
1968	-34.81648	-55.57354	20.75706	0.005162766	0.481656	0.518344	3.502192
1974	-37.6466	-61.27283	23.62624	0.1140537	0.466246	0.533754	1.63109
1980	-39.62544	-63.35517	23.72972	0.001281202	0.229296	0.770704	1.637779
1986	-32.2097	-55.48655	23.27685	0.03501731	0.778394	0.221606	1.92924
1992	-33.66819	-56.56019	22.892	0.4198642	0.608932	0.391068	1.92924
1998	-39.59775	-61.63112	22.03337	0.3794044	0.387603	0.612397	2.510456
2004	-38.37494	-60.21418	21.83924	0.5735314	0.307804	0.692196	2.510456
2010	-40.91961	-63.39663	22.47702	1.970079	0.685367	0.314633	1.064149
2016	-47.3901	-70.63816	23.24806	1.566268	0.284247	0.715753	0.4483002
2022	-34.74786	-59.09427	24.34641	0.4308025	0.185532	0.814468	0.6610232
2028	-29.79412	-53.27613	23.482	0.552038	0.660317	0.339683	1.412145
2034	-33.90667	-57.39305	23.48638	0.5476578	0.65612	0.34388	1.412145
2040	-35.25759	-57.67212	22.41453	0.2849723	0.639516	0.360484	2.329737
2046	-39.17656	-61.4992	22.32263	0.3768702	0.152588	0.847412	2.329737
2052	-34.58445	-57.58614	23.00169	0.8925687	0.837153	0.162847	1.518265
2058	-35.52236	-57.68856	22.16621	0.3604488	0.528321	0.471679	2.439097
2064	-31.10915	-55.41792	24.30877	0.1760377	0.426018	0.573982	1.028032
2070	-30.59117	-54.52733	23.93615	0.1876295	0.640436	0.359564	1.341681
2076	-36.10534	-59.75334	23.64799	0.8335871	0.926255	0.0737449	1.031166
2082	-29.86079	-52.73387	22.87307	1.24435	0.588335	0.411665	1.346743
2088	-32.62018	-55.34062	22.72044	0.2352316	0.698486	0.301514	2.16498
2094	-33.14837	-56.87016	23.72179	0.518798	0.406268	0.593732	1.246475
2100	-31.75715	-53.34077	21.58362	0.09101727	0.655579	0.344421	2.962268
2106	-29.01558	-49.87785	20.86226	0.04288005	0.998728	0.00127164	3.418663
2112	-32.7849	-55.74928	22.96437	0.008026359	0.625119	0.374881	2.154096
2118	-40.21165	-63.16731	22.95566	0.01673749	0.656105	0.343895	2.154096
2124	-38.19856	-61.86435	23.6658	0.1018446	0.513413	0.486587	1.611317
2130	-32.22026	-55.13963	22.91938	0.5720361	0.930328	0.0696724	1.806639
2136	-30.97245	-54.10085	23.1284	0.6484765	0.957865	0.0421349	1.604615
2142	-31.92304	-54.89509	22.97205	1.791572	0.51847	0.48153	0.6873317
2148	-35.84501	-58.05958	22.21457	1.093894	0.660279	0.339721	1.931538
2154	-28.26046	-51.28324	23.02277	1.020705	0.328728	0.671272	1.404829
2160	-29.88813	-53.26925	23.38112	0.3853698	0.711509	0.288491	1.612148
2166	-31.17056	-55.38947	24.21891	0.5964956	0.88467	0.11533	0.5498983
2172	-31.46782	-53.933	22.46518	2.211077	0.888129	0.111871	0.2774834
2178	-38.01435	-59.4759	21.46155	2.437724	0.962536	0.0374645	1.514524
2184	-44.00016	-64.45263	20.45247	0.5461585	0.112673	0.887327	3.363837
2190	-32.77441	-56.45166	23.67724	0.07665297	0.528657	0.471343	1.621267
2196	-36.91006	-60.31218	23.40212	0.1359183	0.96387	0.0361304	1.774292
2202	-33.16613	-56.27243	23.1063	0.4317385	0.688591	0.311409	1.774292
2208	-36.45845	-60.52119	24.06274	0.2522005	0.698786	0.301214	1.183293
2214	-29.57253	-52.16407	22.59154	0.143831	0.924031	0.0759693	2.306869
2220	-30.66567	-53.93532	23.26966	0.2039387	0.467463	0.532537	1.818938
2226	-29.35882	-53.38923	24.03041	0.4402652	0.488942	0.511058	1.0417
2232	-33.89772	-57.8763	23.97858	0.8089061	0.226942	0.773058	0.3829707
2238	-28.90739	-52.10763	23.20024	0.3408777	0.45334	0.54666	1.772146
2244	-37.58813	-59.73108	22.14294	1.398177	0.443281	0.556719	1.772146
2250	-38.66986	-60.4779	21.80803	1.24656	0.870219	0.129781	2.100371
2256	-29.45132	-53.47003	24.01871	0.2350619	0.342082	0.657918	1.23544
2262	-29.88665	-51.83899	21.95234	0.4252885	0.358623	0.641377	2.532374
2268	-31.83771	-53.72948	21.89177	0.4858584	0.699219	0.300781	2.532374
2274	-36.2464	-58.99919	22.75279	0.8687867	0.704385	0.295615	1.715745
2280	-28.63637	-51.54876	22.91239	0.7091863	0.582058	0.417942	1.715745
2286	-29.56285	-52.65107	23.08821	0.7091863	0.655646	0.344354	1.589675
2292	-36.46664	-58.52079	22.05415	1.484803	0.696575	0.303425	1.773656
2298	-28.43089	-51.79466	23.36377	0.2064853	0.408735	0.591265	1.751807
2304	-27.26477	-49.92545	22.66068	0.4647642	0.731746	0.268254	2.053714
2310	-28.05292	-51.18519	23.13227	0.2841729	0.656251	0.343749	1.858191
2316	-31.56157	-55.6238	24.06223	0.1759119	0.44927	0.55073	1.248516
2322	-30.32361	-53.88532	23.5617	0.6764403	0.283493	0.716507	1.248516
2328	-34.81702	-58.84323	24.02621	0.5758748	0.603276	0.396724	0.9064733
2334	-30.74722	-52.59948	21.85226	0.7634038	0.60431	0.39569	2.382946
2340	-36.12402	-60.06765	23.94363	0.3390673	0.585398	0.414602	1.210973
2346	-35.05897	-58.21101	23.15204	1.08765	0.935589	0.0644109	1.247224
2352	-33.11088	-56.46015	23.34927	0.7319454	0.603744	0.396256	1.375363
2358	-36.36066	-59.49785	23.13718	0.9440312	0.873482	0.126518	1.375363
2364	-42.90134	-65.46995	22.56861	0.3284351	0.983661	0.0163391	2.202997
2370	-30.02542	-53.77657	23.75115	0.7551834	0.528257	0.471743	1.00686
2376	-35.10132	-58.32489	23.22357	1.576581	0.931401	0.0685991	0.606569
2382	-33.77351	-56.12419	22.35068	0.8090117	0.758712	0.241288	2.031037
2388	-34.68568	-56.44247	21.75679	2.907858	0.702733	0.297267	0.8328161
2394	-34.18041	-56.75182	22.5714	1.841374	0.728901	0.271099	1.096103
2400	-38.72636	-58.88944	20.16308	2.548358	0.889102	0.110898	2.322133
2406	-36.81167	-60.07542	23.26375	0.9948221	0.985911	0.0140894	1.231397
2412	-37.02709	-60.4746	23.44751	1.35905	0.747954	0.252046	0.4222428
2418	-28.54601	-52.12898	23.58297	0.9254743	0.722537	0.277463	1.004768
2424	-27.53064	-50.66762	23.13699	1.356438	0.95538	0.0446204	1.019606
2430	-53.00831	-73.65507	20.64676	4.104849	0.92256	0.0774398	0.7085136
2436	-46.39444	-66.25261	19.85816	1.279914	0.240367	0.759633	3.281761
2442	-37.99682	-60.05357	22.05675	2.762295	0.806834	0.193166	0.523049
2448	-35.45636	-56.08214	20.62578	3.134849	0.749127	0.250873	0.07392161
2454	-26.8439	-50.92092	24.07702	0.1923824	0.623328	0.376672	1.222264
2460	-32.71799	-55.68549	22.9675	0.5997726	0.719734	0.280266	1.753893
2466	-32.90443	-56.25524	23.3508	0.2164689	0.889169	0.110831	1.753893
2472	-31.40222	-54.4828	23.08057	1.155833	0.271856	0.728144	1.249966
2478	-31.10863	-52.11673	21.00811	1.029593	0.937752	0.0622477	2.742129
2484	-33.61728	-56.12038	22.5031	1.828636	0.933576	0.0664238	1.168684
2490	-32.21498	-56.13135	23.91637	0.6327087	0.897204	0.102796	0.9634585
2496	-33.4737	-56.30708	22.83338	0.64705	0.541179	0.458821	1.814223
2502	-40.70176	-62.8345	22.13275	1.313104	0.528313	0.471687	1.838034
2508	-41.95562	-63.53669	21.58106	2.355265	0.52922	0.47078	1.486738
2514	-38.74121	-62.28831	23.5471	1.265111	0.614483	0.385517	0.4399029
2520	-40.2328	-62.56974	22.33694	1.849989	0.769081	0.230919	1.290762
2526	-32.67164	-56.16854	23.4969	0.9303569	0.538652	0.461348	1.082723
2532	-29.95421	-53.22043	23.26622	0.1970018	0.621052	0.378948	1.826085
2538	-33.16709	-56.76477	23.59767	0.1302823	0.842928	0.157072	1.639973
2544	-33.62212	-57.72935	24.10723	0.01416706	0.32396	0.67604	1.343584
2550	-31.6097	-54.35987	22.75017	0.05060636	0.930369	0.0696306	2.265014
2556	-27.04778	-51.30471	24.25693	0.004367489	0.979493	0.0205065	1.229107
2562	-33.37153	-57.82753	24.45599	0.002216479	0.979416	0.0205842	1.053622
2568	-29.096	-53.31775	24.22175	0.0115081	0.975497	0.0245028	1.25259
2574	-25.38401	-49.79426	24.41025	0.0904134	0.74793	0.25207	1.012483
2580	-24.32708	-48.62871	24.30163	0.1990334	0.654325	0.345675	1.012483
2586	-26.82946	-50.54245	23.71299	0.09421091	0.573433	0.426567	1.582516
2592	-30.44196	-53.56007	23.11811	0.2090617	0.770639	0.229361	1.918899
2598	-26.67378	-49.66307	22.98929	0.5485459	0.65777	0.34223	1.774431
2604	-26.06488	-49.26673	23.20185	0.3359926	0.539507	0.460493	1.774431
2610	-37.36884	-59.9163	22.54746	2.248412	0.437138	0.562862	0.3979029
2616	-37.84712	-60.74734	22.90022	0.8027534	0.446228	0.553772	1.657898
2622	-28.13667	-51.75636	23.61969	0.7547766	0.67256	0.32744	1.130869
2628	-34.4024	-57.89761	23.49521	1.100504	0.596443	0.403557	0.9135369
2634	-38.35057	-60.45019	22.09962	0.5417403	0.590027	0.409973	2.366675
2640	-32.01723	-54.7775	22.76027	0.4997015	0.647821	0.352179	1.964156
2646	-32.5219	-56.00026	23.47836	0.8486784	0.675645	0.324355	1.172777
2652	-31.95481	-54.76706	22.81225	0.5771878	0.692269	0.307731	1.876633
2658	-28.56537	-51.90475	23.33939	0.7764745	0.467727	0.532273	1.347985
2664	-26.99122	-50.8111	23.81988	0.0246671	0.956182	0.0438181	1.55511
2670	-27.38348	-50.55079	23.1673	0.09773462	0.879496	0.120504	1.960758
2676	-25.01159	-49.04205	24.03046	0.04501684	0.542916	0.457084	1.379868
2682	-28.86504	-53.14379	24.27876	0.4906121	0.754923	0.245077	0.6765568
2688	-31.25773	-54.94926	23.69153	1.111605	0.568265	0.431735	0.5977701
2694	-39.73437	-62.53664	22.80227	1.922763	0.804167	0.195833	0.3124664
2700	-33.43657	-56.51875	23.08218	1.399623	0.751247	0.248753	1.03095
2706	-30.90755	-54.32533	23.41778	1.399623	0.771009	0.228991	0.5374777
2712	-30.21815	-53.91391	23.69575	0.8548724	0.821661	0.178339	0.9618487
2718	-30.93464	-54.79354	23.8589	0.2622075	0.973592	0.0264082	1.343815
2724	-32.93968	-56.74338	23.8037	0.3174	0.543835	0.456165	1.343815
2730	-36.69974	-59.12276	22.42303	0.3636878	0.927982	0.0720184	2.27403
2736	-34.46956	-57.84034	23.37078	0.2878234	0.750556	0.249444	1.689534
2742	-34.13748	-56.52205	22.38458	2.008042	0.551961	0.448039	1.114507
2748	-35.65206	-58.41808	22.76603	1.040969	0.771556	0.228444	1.58267
2754	-32.21772	-54.77721	22.55949	1.223516	0.493505	0.506495	1.600159
2760	-36.48923	-59.04524	22.556	2.203421	0.969266	0.0307342	0.3454636
2766	-27.19611	-50.83113	23.63502	1.078766	0.410602	0.589398	0.3034509
2772	-27.07327	-50.4452	23.37193	1.325574	0.677605	0.322395	0.2915011
2778	-35.47613	-58.72152	23.24539	0.9699508	0.418207	0.581793	1.267437
2784	-30.99708	-54.29128	23.29421	1.4305	0.689998	0.310002	0.751243
2790	-29.30896	-53.49703	24.18807	0.6280522	0.935863	0.0641373	0.5458035
2796	-32.51673	-54.57339	22.05666	1.379403	0.278589	0.721411	1.844754
2802	-31.88398	-54.54787	22.6639	0.8387705	0.57691	0.42309	1.79885
2808	-30.78987	-53.72469	22.93482	1.865066	0.605984	0.394016	0.6073111
2814	-34.05709	-57.59891	23.54182	0.4934362	0.273195	0.726805	1.411205
2820	-30.73391	-52.77969	22.04578	0.8406758	0.547744	0.452256	2.209842
2826	-22.49454	-46.7107	24.21616	0.1816534	0.761064	0.238936	1.109787
2832	-29.39256	-53.42558	24.03301	0.7454172	0.608897	0.391103	0.6584973
2838	-31.91	-54.98542	23.07541	1.739511	0.772522	0.227478	0.4509627
2844	-29.89842	-52.92293	23.02451	1.786128	0.772522	0.227478	0.5718724
2850	-31.12546	-53.78068	22.65521	0.1305333	0.34614	0.65386	2.274651
2856	-30.66715	-53.80046	23.13331	1.387196	0.672483	0.327517	0.9926891
2862	-43.86057	-64.82562	20.96504	3.745143	0.429419	0.570581	0.7723746
2868	-39.19099	-61.14269	21.95169	2.812823	0.709324	0.290676	0.3513111
2874	-36.20228	-58.70053	22.49825	2.110175	0.767315	0.232685	0.899368
2880	-29.31696	-51.89003	22.57307	1.932697	0.734284	0.265716	0.2006615
2886	-31.4956	-54.51112	23.01551	1.780474	0.463403	0.536597	0.3981345
2892	-33.1096	-57.04675	23.93715	0.8766912	0.809129	0.190871	0.4462147
2898	-31.46489	-54.64308	23.17818	0.612822	0.965962	0.0340376	1.594337
2904	-34.3191	-57.53786	23.21876	1.063286	0.323502	0.676498	1.211529
2910	-31.4422	-54.6939	23.25171	0.5081491	0.794924	0.205076	1.616953
2916	-29.42783	-53.13431	23.70648	0.02777581	0.814631	0.185369	1.635435
2922	-27.7591	-51.2532	23.4941	0.1394935	0.872776	0.127224	1.707255
2928	-29.82251	-53.39722	23.57472	0.1739859	0.619969	0.380031	1.62502
2934	-26.61364	-50.38461	23.77097	0.2618728	0.829128	0.170872	1.413073
2940	-30.57105	-51.95013	21.37908	0.1059511	0.740887	0.259113	3.075892
2946	-33.68156	-57.5265	23.84494	0.7155469	0.293505	0.706495	0.951516
2952	-30.69016	-53.80011	23.10995	0.8157546	0.868757	0.131243	1.494733
2958	-34.75969	-56.5523	21.7926	0.7817375	0.904347	0.0956534	2.409059
2964	-30.75745	-54.03364	23.27619	0.9786771	0.798393	0.201607	1.234516
2970	-30.64499	-52.01675	21.37176	0.07977604	0.589892	0.410108	3.095881
2976	-32.58281	-54.67859	22.09577	0.8201346	0.80929	0.19071	2.190786
2982	-32.0004	-56.13795	24.13755	0.3734862	0.471451	0.528549	1.002184
2988	-37.63451	-60.26283	22.62832	1.023724	0.51188	0.48812	1.694189
2994	-35.45459	-58.84556	23.39097	0.261078	0.342183	0.657817	1.694189
3000	-27.94953	-50.85614	22.90661	0.676866	0.554276	0.445724	1.742547
3006	-32.6561	-55.98897	23.33288	1.102705	0.797913	0.202087	1.074964
3012	-41.87089	-61.61794	19.74705	1.337896	0.516741	0.483259	3.313077
3018	-35.57496	-57.75899	22.18404	1.388522	0.895009	0.104991	1.750196
3024	-31.94055	-55.08651	23.14596	0.9538485	0.559696	0.440304	1.360711
3030	-29.28874	-53.05544	23.7667	0.3331056	0.842766	0.157234	1.360711
3036	-31.29178	-55.02578	23.734	0.3658091	0.938705	0.0612948	1.360711
3042	-39.51673	-60.86345	21.34672	0.4965276	0.602558	0.397442	2.860483
3048	-37.00666	-58.97918	21.97252	0.1773795	0.860669	0.139331	2.673323
3054	-32.66501	-56.00904	23.34402	1.435934	0.578691	0.421309	0.3714133
3060	-31.09633	-54.66158	23.56525	1.214704	0.48338	0.51662	0.3714133
3066	-28.41955	-51.49203	23.07248	1.674357	0.859937	0.140063	0.3322313
3072	-35.55	-58.43716	22.88716	1.710783	0.41531	0.58469	0.911077
3078	-30.72226	-53.49669	22.77443	0.8761112	0.885786	0.114214	1.695256
3084	-34.35557	-56.3147	21.95913	2.670337	0.894326	0.105674	0.251277
3090	-33.19729	-55.33493	22.13764	2.670337	0.488293	0.511707	0.5818381
3096	-32.8253	-55.22533	22.40004	0.5840393	0.793731	0.206269	2.14649
3102	-30.53833	-53.7556	23.21727	1.023459	0.920288	0.0797122	1.246361
3108	-31.83606	-54.63131	22.79526	1.80074	0.468052	0.531948	0.2354193
3114	-30.51192	-54.05784	23.54592	0.9962848	0.739886	0.260114	0.9705737
3120	-31.7296	-55.38957	23.65997	1.086293	0.661215	0.338785	0.7174618
3126	-30.5356	-53.72273	23.18713	1.559127	0.556314	0.443686	0.7174618
3132	-31.45428	-54.95741	23.50313	1.018637	0.711958	0.288042	0.991414
3138	-30.13816	-53.07855	22.94039	0.6750902	0.937492	0.0625082	1.720047
3144	-38.57268	-61.47098	22.8983	1.023206	0.78305	0.21695	1.497888
3150	-34.24633	-56.84814	22.6018	1.319697	0.746641	0.253359	1.497888
3156	-39.46857	-61.03761	21.56904	3.096274	0.647653	0.352347	0.8319809
3162	-41.5415	-65.11069	23.56919	0.8470239	0.333646	0.666354	1.092942
3168	-40.70824	-64.47453	23.76629	1.050586	0.294579	0.705421	0.5410835
3174	-37.87526	-60.64887	22.77361	0.7315818	0.638381	0.361619	1.797101
3180	-30.36144	-53.46526	23.10383	0.3409941	0.819841	0.180159	1.83874
3186	-28.93454	-53.2771	24.34257	0.3040072	0.70465	0.29535	0.8549921
3192	-29.0483	-52.18885	23.14055	1.575113	0.49981	0.50019	0.7645372
3198	-32.24499	-55.99873	23.75374	0.9035969	0.909403	0.0905968	0.841892
3204	-32.98893	-56.19529	23.20636	1.450974	0.603799	0.396201	0.841892
3210	-33.28921	-56.97252	23.68331	0.3723348	0.603799	0.396201	1.39537
3216	-29.12949	-52.18703	23.05754	1.024054	0.735034	0.264966	1.375067
3222	-34.49374	-57.64329	23.14955	0.9320412	0.435832	0.564168	1.375067
3228	-35.43475	-58.805	23.37024	0.9320412	0.431953	0.568047	1.19421
3234	-36.42777	-58.70405	22.27628	2.059173	0.861459	0.138541	1.165429
3240	-36.11568	-59.13063	23.01495	0.1355261	0.697353	0.302647	2.037151
3246	-34.57546	-57.61163	23.03617	1.038237	0.486281	0.513719	1.380705
3252	-39.32796	-62.05949	22.73154	0.5672781	0.349406	0.650594	1.938044
3258	-36.3435	-59.14674	22.80325	1.146932	0.497297	0.502703	1.476286
3264	-30.48343	-54.17732	23.6939	0.3106517	0.804872	0.195128	1.434877
3270	-41.4389	-63.75136	22.31247	2.43204	0.350534	0.649466	0.3299485
3276	-37.47295	-59.78229	22.30935	2.43204	0.162431	0.837569	0.7254062
3282	-35.71058	-58.19631	22.48573	2.269748	0.801135	0.198865	0.3411419
3288	-32.71351	-55.10948	22.39598	2.269748	0.591834	0.408166	0.2710838
3294	-31.45056	-55.35916	23.90859	0.911352	0.995972	0.00402789	0.5080265
3300	-32.42307	-54.47378	22.05071	1.230173	0.995549	0.00445116	1.950113
3306	-32.1053	-55.02563	22.92033	1.670672	0.948527	0.0514729	0.2332176
3312	-31.18977	-53.00175	21.81198	1.545686	0.799264	0.200736	1.898241
3318	-31.04336	-53.69471	22.65135	0.4722379	0.830213	0.169787	2.054943
3324	-25.19189	-48.86631	23.67441	0.2790753	0.830213	0.169787	1.473782
3330	-32.36375	-54.99656	22.63281	0.3032895	0.964705	0.0352952	2.177696
3336	-32.2154	-53.92856	21.71316	0.2676556	0.950156	0.0498438	2.776865
3342	-31.41472	-54.48305	23.06833	0.05458	0.932457	0.0675431	2.055386
3348	-34.23792	-55.84383	21.60591	0.04254494	0.86845	0.13155	2.978012
3354	-31.80425	-54.51501	22.71076	0.7064852	0.794635	0.205365	1.857639
3360	-31.90087	-55.17314	23.27227	0.1449814	0.715897	0.284103	1.857639
3366	-29.44199	-53.01479	23.57281	0.1642451	0.334032	0.665968	1.633424
3372	-30.25561	-53.95955	23.70393	1.10969	0.608098	0.391902	0.5589535
3378	-37.6625	-61.20428	23.54178	1.259628	0.853904	0.146096	0.4095015
3384	-27.79118	-51.56339	23.77222	0.9918886	0.99164	0.00836029	0.6864409
3390	-29.11419	-52.36437	23.25018	1.132607	0.518601	0.481399	1.123395
3396	-29.12387	-52.77195	23.64808	1.078855	0.91254	0.0874603	0.7479023
3402	-36.8815	-59.90419	23.02269	0.3859915	0.342407	0.657593	1.863496
3408	-38.92564	-60.13672	21.21109	1.397542	0.175784	0.824216	2.387398
3414	-31.04317	-54.464	23.42083	1.397542	0.720598	0.279402	0.5297559
3420	-32.11111	-55.21663	23.10552	1.606883	0.68113	0.31887	0.7692138
3426	-34.71231	-57.12934	22.41703	2.185934	0.417532	0.582468	0.9054884
3432	-31.65108	-54.43583	22.78475	0.6498439	0.727473	0.272527	1.845762
3438	-33.38939	-55.97286	22.58347	0.5119752	0.335291	0.664709	2.07351
3444	-32.23575	-53.92873	21.69298	0.4945393	0.426361	0.573639	2.650159
3450	-33.44716	-55.60016	22.153	0.03451826	0.750177	0.249823	2.650159
3456	-39.16789	-61.94778	22.77989	0.05520523	0.665163	0.334837	2.242959
3462	-40.93129	-62.98495	22.05366	2.581624	0.555073	0.444927	0.8684395
3468	-37.87935	-59.26003	21.38069	1.927829	0.592014	0.407986	1.931501
3474	-35.94454	-59.11427	23.16973	0.6113427	0.93973	0.0602695	1.601563
3480	-28.99688	-52.46581	23.46893	0.6271027	0.528348	0.471652	1.363693
3486	-29.93495	-53.24673	23.31177	1.49006	0.269426	0.730574	0.4104808
3492	-33.50507	-56.42753	22.92246	1.897252	0.792468	0.207532	0.4866471
3498	-34.14171	-56.63443	22.49272	1.322243	0.384733	0.615267	1.576843
3504	-32.99917	-56.08554	23.08638	0.7285801	0.63264	0.36736	1.576843
3510	-24.61364	-48.23952	23.62588	0.1170307	0.802586	0.197414	1.629199
3516	-31.96922	-53.69657	21.72735	0.3518829	0.796735	0.203265	2.716701
3522	-35.86958	-58.65343	22.78385	1.053125	0.787913	0.212087	1.560687
3528	-38.628	-60.81317	22.18517	0.5351892	0.768035	0.231965	2.316451
3534	-29.85448	-54.14822	24.29374	0.4763038	0.740117	0.259883	0.6752565
3540	-29.28664	-53.43781	24.15118	0.1327404	0.391572	0.608428	1.209936
3546	-30.11936	-53.79037	23.67101	0.009224267	0.32235	0.67765	1.674147
3552	-24.31628	-47.74138	23.4251	0.1736828	0.188126	0.811874	1.731796
3558	-37.90404	-59.68585	21.78181	2.048222	0.49861	0.50139	1.56579
3564	-33.35134	-56.68022	23.32888	1.301749	0.599361	0.400639	0.8739022
3570	-33.41565	-55.53579	22.12014	1.326612	0.641472	0.358528	1.837416
3576	-35.79285	-58.20032	22.40747	1.467549	0.705743	0.294257	1.532574
3582	-36.2133	-60.60396	24.39066	0.3643183	0.676033	0.323967	0.7027308
3588	-29.59179	-52.94723	23.35543	1.399544	0.334003	0.665997	0.7027308
3594	-28.5019	-52.2853	23.7834	0.6928962	0.689404	0.310596	1.036286
3600	-30.39895	-53.5634	23.16444	0.9277455	0.867998	0.132002	1.366725
3606	-30.61753	-54.42998	23.81245	0.2797387	0.534685	0.465315	1.366725
3612	-30.94795	-54.96746	24.01951	0.1355348	0.415878	0.584122	1.316626
3618	-33.44761	-55.69158	22.24398	0.5631109	0.300469	0.699531	2.260963
3624	-31.93826	-54.6074	22.66914	0.2786285	0.745069	0.254931	2.170118
3630	-34.42999	-57.32159	22.89161	1.487628	0.391832	0.608168	1.126589
3636	-33.23788	-56.35263	23.11474	1.424561	0.776246	0.223754	0.9735619
3642	-35.51995	-58.37091	22.85096	1.07288	0.88486	0.11514	1.496131
3648	-34.01227	-56.85569	22.84342	1.403429	0.457642	0.542358	1.241241
3654	-30.19345	-53.98413	23.79068	0.9196864	0.561533	0.438467	0.7721153
3660	-32.05501	-55.73301	23.678	0.5106613	0.756927	0.243073	1.289351
3666	-34.83295	-57.87449	23.04153	1.516389	0.687066	0.312934	0.9542177
3672	-35.74106	-58.4428	22.70173	0.7173	0.761382	0.238618	1.856417
3678	-30.82126	-54.69913	23.87787	0.8756025	0.755138	0.244862	0.7053253
3684	-36.02513	-59.01493	22.9898	1.675491	0.688758	0.311242	0.8320124
3690	-33.00534	-54.9069	21.90156	0.2450254	0.277163	0.722837	2.67536
3696	-24.18715	-47.73555	23.54841	1.263486	0.884744	0.115256	0.5667162
3702	-31.06816	-53.77091	22.70274	0.1479265	0.977538	0.0224625	2.232934
3708	-26.0554	-49.36081	23.30541	0.329076	0.587127	0.412873	1.706626
3714	-26.37624	-49.72898	23.35275	0.314535	0.776191	0.223809	1.683369
3720	-25.44218	-49.13982	23.69764	0.8203482	0.811413	0.188587	0.9952232
3726	-30.30226	-53.45063	23.14837	1.671423	0.86583	0.13417	0.5119731
3732	-35.54267	-58.80888	23.26622	1.540073	0.806259	0.193741	0.5876747
3738	-32.18773	-55.10789	22.92016	1.770176	0.495772	0.504228	0.7996491
3744	-27.57782	-51.56446	23.98664	0.1030778	0.853346	0.146654	1.368672
3750	-28.35088	-51.35839	23.0075	0.6889495	0.858771	0.141229	1.662564
3756	-31.87535	-55.76327	23.88792	0.1338402	0.938577	0.0614232	1.421636
3762	-31.68706	-54.55847	22.87141	0.1761401	0.671179	0.328821	2.104994
3768	-26.4585	-49.83981	23.3813	0.5971447	0.594407	0.405593	1.454832
3774	-33.17059	-57.03302	23.86243	0.5769487	0.389111	0.610889	1.071408
3780	-32.54901	-55.47152	22.92251	0.1149444	0.816497	0.183503	2.111612
3786	-30.45487	-53.83151	23.37664	0.07957425	0.179108	0.820892	1.830909
3792	-35.34174	-58.61492	23.27318	1.511735	0.855296	0.144704	0.6445653
3798	-41.5515	-63.3031	21.75161	2.747156	0.81653	0.18347	1.014357
3804	-30.28975	-54.08018	23.79042	0.07631507	0.91247	0.0875298	1.538718
3810	-33.85483	-57.5695	23.71466	0.05058212	0.715837	0.284163	1.613052
3816	-33.2954	-57.34312	24.04772	0.01921153	0.790751	0.209249	1.386553
3822	-34.60775	-56.56449	21.95674	1.552789	0.814435	0.185565	1.794098
3828	-31.86122	-53.97937	22.11815	0.9844045	0.906613	0.0933868	2.068821
3834	-36.57985	-59.78429	23.20444	1.52463	0.74305	0.25695	0.3158824
3840	-30.42815	-53.7408	23.31265	0.5528385	0.74305	0.25695	1.539643
3846	-39.57099	-61.63453	22.06354	0.290408	0.984058	0.0159419	2.547119
3852	-31.03902	-54.48708	23.44806	1.029273	0.89929	0.10071	1.035279
3858	-34.25723	-55.66907	21.41184	0.5956382	0.89929	0.10071	2.760595
3864	-33.03558	-55.40687	22.37129	1.088122	0.944113	0.0558873	1.828708
3870	-33.17745	-56.17881	23.00135	0.3925277	0.716241	0.283759	1.8736
3876	-33.66397	-56.90098	23.23701	1.198275	0.386062	0.613938	1.075242
3882	-30.75728	-54.33472	23.57744	0.7949874	0.222461	0.777539	1.132701
3888	-29.08718	-52.68411	23.59693	0.9045206	0.63708	0.36292	1.011705
3894	-35.43949	-59.9835	24.54401	0.1119808	0.346951	0.653049	0.8435419
3900	-26.83838	-49.79737	22.95899	0.3901779	0.836819	0.163181	1.904007
3906	-32.18807	-55.04257	22.8545	0.4946668	0.530736	0.469264	1.904007
3912	-31.18656	-54.36414	23.17758	1.631892	0.488073	0.511927	0.5763794
3918	-28.5251	-51.93182	23.40672	1.074937	0.48221	0.51779	1.031094
3924	-35.62046	-58.89192	23.27146	0.7515923	0.709622	0.290378	1.420634
3930	-30.91246	-54.04774	23.13528	0.09281207	0.481967	0.518033	1.985501
3936	-28.20899	-52.24298	24.03399	0.5374422	0.920777	0.0792235	0.9399029
3942	-42.79504	-65.42087	22.62583	2.182198	0.560414	0.439586	0.5816817
3948	-46.18406	-65.7013	19.51724	0.6547307	0.916229	0.0837711	3.843863
3954	-43.341	-63.16829	19.82729	0.5098789	0.590132	0.409868	3.748734
3960	-41.89915	-64.11045	22.2113	0.4848148	0.330795	0.669205	2.331892
3966	-35.53682	-57.01486	21.47804	1.527214	0.663181	0.336819	2.13267
3972	-33.63274	-57.15224	23.51949	0.2967935	0.729304	0.270696	1.575873
3978	-34.69878	-55.36253	20.66375	0.8823576	0.497002	0.502998	3.039387
3984	-34.86021	-55.52738	20.66717	0.2264901	0.291545	0.708455	3.425389
3990	-36.11628	-59.12959	23.01331	1.797658	0.879686	0.120314	0.5705459
3996	-31.94662	-55.34406	23.39744	1.409029	0.855959	0.144041	0.5870747
4002	-34.57364	-58.14966	23.57602	1.145441	0.878725	0.121275	0.756065
4008	-35.78462	-58.52573	22.74111	2.043509	0.725735	0.274265	0.6452168
4014	-33.1385	-57.31052	24.17202	0.618245	0.769431	0.230569	0.6322049
4020	-33.04141	-56.4279	23.38649	0.7070013	0.762177	0.237823	1.365694
4026	-32.51722	-56.15769	23.64047	0.8424598	0.789909	0.210091	1.029854
4032	-40.45382	-61.88276	21.42893	0.8606373	0.367468	0.632532	2.587092
4038	-29.13645	-53.06754	23.93109	0.2456282	0.949526	0.0504742	1.299075
4044	-30.65447	-52.31483	21.66035	1.281357	0.942981	0.0570188	2.174051
4050	-29.96934	-53.13126	23.16192	0.8601073	0.845352	0.154648	1.421427
4056	-37.10712	-58.42239	21.31526	0.2230141	0.938225	0.0617747	3.044069
4062	-34.23916	-56.90424	22.66507	0.6163737	0.951859	0.0481406	1.949733
4068	-38.45902	-61.14206	22.68304	0.924041	0.771615	0.228385	1.725963
4074	-37.00725	-58.91864	21.91139	0.5269489	0.891764	0.108236	2.49448
4080	-38.8112	-60.04172	21.23052	0.6868536	0.939899	0.0601009	2.815492
4086	-35.96579	-59.19823	23.23244	0.3098531	0.588646	0.411354	1.771329
4092	-30.3338	-52.82249	22.48869	0.545891	0.83268	0.16732	2.113491
4098	-34.92475	-56.37593	21.45119	0.3411428	0.678288	0.321712	2.8913
4104	-39.79858	-60.67354	20.87495	0.9137931	0.414974	0.585026	2.893464
4110	-31.01084	-54.31423	23.30339	0.965203	0.512239	0.487761	1.222948
4116	-35.90953	-59.91892	24.00939	0.353003	0.90662	0.0933799	1.141649
4122	-31.54763	-55.03986	23.49223	0.1548508	0.497086	0.502914	1.697712
4128	-40.07844	-62.77334	22.69491	1.820126	0.5568	0.4432	0.9981876
4134	-33.85482	-57.75799	23.90317	0.7887313	0.458644	0.541356	0.7975573
4140	-33.8631	-57.20654	23.34343	1.474764	0.798179	0.201821	0.5312619
4146	-32.64621	-54.87504	22.22883	0.7096212	0.830664	0.169336	2.176166
4152	-33.07361	-57.09262	24.01901	0.5947945	0.735341	0.264659	0.8932778
4158	-35.81006	-58.42753	22.61747	0.1702086	0.478617	0.521383	2.273415
4164	-33.55483	-56.79781	23.24298	0.1168444	0.36457	0.63543	1.896774
4170	-35.751	-58.87401	23.12301	1.687752	0.251524	0.748476	0.5713766
4176	-27.92919	-51.44657	23.51739	0.984783	0.71889	0.28111	1.010989
4182	-27.431	-51.32128	23.89028	0.425627	0.697577	0.302423	1.182453
4188	-27.12269	-50.9034	23.78071	0.687884	0.596674	0.403326	1.043695
4194	-31.75857	-53.69408	21.93551	0.5426034	0.930379	0.069621	2.469578
4200	-29.91247	-52.8277	22.91522	0.6492621	0.180311	0.819689	1.755842
4206	-30.23858	-54.17572	23.93714	0.5590443	0.44034	0.55966	1.016891
4212	-31.17343	-54.54569	23.37226	0.6194744	0.097772	0.902228	1.444695
4218	-37.09139	-60.02079	22.9294	1.881565	0.671525	0.328475	0.5705562
4224	-33.26996	-56.88809	23.61812	1.136954	0.756916	0.243084	0.7025614
4230	-33.65933	-57.4414	23.78207	0.768961	0.459757	0.540243	0.9614238
4236	-36.58132	-59.66802	23.0867	1.052478	0.459757	0.540243	1.329374
4242	-35.29732	-57.6801	22.38278	1.008942	0.533305	0.466695	1.875072
4248	-38.1143	-62.26119	24.14689	0.1810588	0.483008	0.516992	1.171983
4254	-38.91466	-60.43529	21.52064	0.01248	0.735461	0.264539	3.047157
4260	-41.37405	-62.35222	20.97817	0.2908378	0.512653	0.487347	3.204365
4266	-35.31543	-58.23616	22.92073	1.373032	0.758924	0.241076	1.201528
4272	-32.80698	-55.74722	22.94024	0.5612046	0.608614	0.391386	1.799697
4278	-37.65202	-59.81147	22.15945	1.882421	0.622862	0.377138	1.40608
4284	-39.26325	-61.16352	21.90027	1.031479	0.865552	0.134448	2.180515
4290	-35.06231	-59.33351	24.2712	0.5395786	0.661038	0.338962	0.5713212
4296	-33.5552	-57.70188	24.14668	0.03457053	0.469288	0.530712	1.295389
4302	-30.02935	-53.87775	23.8484	0.2819681	0.923051	0.0769494	1.336427
4308	-32.44271	-56.32484	23.88213	0.2482347	0.468985	0.531015	1.336427
4314	-35.23454	-57.88477	22.65023	2.144363	0.314638	0.685362	0.6215173
4320	-32.14613	-56.24835	24.10222	0.4302463	0.925311	0.0746891	0.9805619
4326	-31.10077	-54.05039	22.94962	1.360387	0.709996	0.290004	1.187553
4332	-30.0803	-52.36425	22.28395	2.285854	0.881741	0.118259	0.2242803
4338	-26.44303	-49.52344	23.08042	1.648816	0.494936	0.505064	0.3160212
4344	-33.52822	-56.67548	23.14726	1.581082	0.663381	0.336619	0.3152561
4350	-32.22556	-55.57164	23.34608	1.423064	0.710294	0.289706	0.6769932
4356	-39.1133	-59.16633	20.05303	0.5202173	0.485036	0.514964	3.612138
4362	-33.30403	-56.09775	22.79372	1.296026	0.625776	0.374224	1.368648
4368	-33.81468	-57.29445	23.47977	1.246485	0.721217	0.278783	0.7489246
4374	-30.65951	-53.63026	22.97074	1.849328	0.966042	0.0339581	0.5007616
4380	-31.02209	-54.16934	23.14725	1.668084	0.942925	0.0570753	0.5502877
4386	-38.97158	-61.78152	22.80994	0.8126808	0.798123	0.201877	1.715011
4392	-28.39855	-50.9757	22.57716	0.1168863	0.944565	0.0554354	2.333212
4398	-35.65432	-55.80262	20.1483	1.722341	0.945794	0.0542062	2.843872
4404	-35.3141	-57.23117	21.91707	0.5008388	0.433758	0.566242	2.507251
4410	-34.17118	-56.9559	22.78473	1.195662	0.313983	0.686017	1.453352
4416	-30.12127	-53.5596	23.43834	1.291068	0.988424	0.0115756	0.744153
4422	-31.69366	-54.21431	22.52065	0.616781	0.804576	0.195424	2.045787
4428	-32.04968	-55.08686	23.03718	1.777546	0.885024	0.114976	0.5535076
4434	-33.49468	-56.50353	23.00885	1.805878	0.880428	0.119572	0.5535076
4440	-37.22549	-59.13077	21.90528	1.921222	0.963089	0.0369109	1.56838
4446	-35.58537	-57.2516	21.66623	3.145273	0.744172	0.255828	0.4373735
4452	-27.48644	-50.88922	23.40278	0.661375	0.807081	0.192919	1.388728
4458	-33.83391	-57.65825	23.82434	0.6036616	0.24839	0.75161	1.082031
4464	-28.76539	-52.35478	23.58939	0.7038068	0.383466	0.616534	1.202014
4470	-27.6899	-51.74769	24.05778	0.6957016	0.857129	0.142871	0.7053052
4476	-27.61433	-51.29013	23.6758	0.2399887	0.852386	0.147614	1.50217
4482	-28.81966	-53.08472	24.26506	0.1989057	0.588209	0.411791	1.048129
4488	-27.30148	-50.99326	23.69178	0.2661958	0.733755	0.266245	1.470384
4494	-37.0653	-60.42047	23.35517	0.201964	0.59341	0.40659	1.760982
4500	-33.22934	-56.77642	23.54708	0.6793604	0.4842	0.5158	1.25825
4506	-30.09939	-53.54391	23.44452	1.375498	0.396422	0.603578	0.5052383
4512	-27.95555	-51.25994	23.30439	0.578586	0.376126	0.623874	1.526667
4518	-30.47371	-54.09242	23.61871	0.20305	0.703874	0.296126	1.571859
4524	-35.0943	-58.04365	22.94935	1.217414	0.595939	0.404061	1.307156
4530	-35.0169	-59.4569	24.44	0.359228	0.777806	0.222194	0.6091539
4536	-39.42638	-61.12155	21.69517	2.194576	0.597999	0.402001	1.521627
4542	-36.05502	-59.3973	23.34228	0.5474721	0.652957	0.347043	1.521627
4548	-31.23441	-54.16109	22.92668	0.1406591	0.48597	0.51403	2.092002
4554	-33.76682	-58.22048	24.45366	0.1438739	0.463477	0.536523	0.9115226
4560	-30.72689	-53.79939	23.0725	0.0471566	0.634593	0.365407	2.057534
4566	-33.70466	-58.17817	24.47352	0.002985288	0.670223	0.329777	1.036083
4572	-34.46418	-56.65984	22.19566	0.223409	0.508043	0.491957	2.506525
4578	-37.24295	-59.27495	22.032	0.7389506	0.455804	0.544196	2.284128
4584	-32.97151	-56.05104	23.07952	1.061633	0.511039	0.488961	1.32779
4590	-34.53428	-57.79551	23.26123	1.557944	0.769478	0.230522	0.5215168
4596	-33.15199	-56.82851	23.67652	1.040393	0.963114	0.0368858	0.7627248
4602	-29.05229	-52.61603	23.56374	1.073451	0.799257	0.200743	0.8661883
4608	-25.66482	-49.31803	23.6532	1.166669	0.704435	0.295565	0.5100741
4614	-29.43972	-53.04972	23.61	0.8435612	0.59713	0.40287	1.058034
4620	-31.01926	-53.84537	22.82612	1.46447	0.377271	0.622729	0.1446716
4626	-28.21432	-51.58111	23.36679	1.432654	0.378033	0.621967	0.4051852
4632	-32.23978	-55.35019	23.11041	1.432654	0.822885	0.177115	0.9696917
4638	-32.00513	-55.32612	23.32099	1.218187	0.203985	0.796015	0.9736887
4644	-31.11084	-54.35734	23.2465	1.127769	0.173114	0.826886	1.131052
4650	-28.54461	-51.67568	23.13107	0.740147	0.744844	0.255156	1.535395
4656	-26.98612	-50.52149	23.53537	1.282796	0.769079	0.230921	0.5315134
4662	-36.95828	-59.17934	22.22106	2.467389	0.948008	0.0519923	0.8021704
4668	-43.56446	-65.36807	21.80361	2.961856	0.243859	0.756141	0.6839183
4674	-38.14383	-61.31472	23.17088	1.461219	0.20536	0.79464	0.872177
4680	-36.08557	-58.87549	22.78992	0.9513427	0.953154	0.0468464	1.630391
4686	-37.6066	-60.82875	23.22216	1.300991	0.21249	0.78751	0.9900252
4692	-32.35328	-55.79742	23.44414	0.8770107	0.543653	0.456347	1.177905
4698	-24.43678	-47.82039	23.38361	0.2036035	0.416962	0.583038	1.739923
4704	-28.25661	-52.45243	24.19582	0.596931	0.495985	0.504015	0.6261632
4710	-25.57284	-49.74252	24.16967	0.5008184	0.808955	0.191045	0.8254529
4716	-29.35114	-52.8306	23.47946	1.112448	0.688611	0.311389	0.9177362
4722	-29.67266	-51.9386	22.26594	1.02785	0.741863	0.258137	1.941428
4728	-31.45776	-54.28124	22.82347	0.3816778	0.133521	0.866479	2.000811
4734	-28.83465	-51.97634	23.14169	0.06345906	0.482105	0.517895	2.000811
4740	-25.67296	-49.87028	24.19732	0.04690922	0.888987	0.111013	1.243432
4746	-26.14422	-50.22341	24.07919	0.03575238	0.781917	0.218083	1.348718
4752	-30.06771	-54.15657	24.08885	0.02608673	0.760895	0.239105	1.348718
4758	-26.16866	-50.27388	24.10522	0.009719505	0.79491	0.20509	1.348718
4764	-29.23881	-51.35894	22.12013	0.1030472	0.759266	0.240734	2.628164
4770	-30.37481	-51.71162	21.3368	0.5001836	0.738515	0.261485	2.864275
4776	-27.6268	-50.96733	23.34054	1.043966	0.989483	0.0105168	1.121847
4782	-29.032	-52.59316	23.56116	0.7716168	0.748086	0.251914	1.167768
4788	-35.65639	-59.36128	23.7049	0.07068493	0.707393	0.292607	1.605555
4794	-34.44037	-57.46448	23.02411	0.977297	0.949582	0.0504177	1.437286
4800	-28.8639	-51.79794	22.93404	0.4357422	0.943141	0.0568594	1.890008
4806	-30.55223	-52.7578	22.20557	0.8948509	0.950616	0.0493842	2.070233
4812	-33.11275	-55.63763	22.52488	0.4474974	0.342955	0.657045	2.154113
4818	-31.01828	-54.26776	23.24947	0.1057305	0.878856	0.121144	1.899912
4824	-33.95875	-56.58486	22.62611	0.729097	0.445036	0.554964	1.899912
4830	-33.08781	-55.62685	22.53904	1.955772	0.558483	0.441517	0.1970462
4836	-30.86201	-53.71752	22.85551	1.955772	0.656014	0.343986	0.5692586
4842	-33.60206	-56.70283	23.10077	1.706398	0.862234	0.137766	0.5846997
4848	-31.40204	-55.03629	23.63425	0.7313097	0.339418	0.660582	1.138834
4854	-31.1528	-53.88676	22.73395	1.874537	0.891322	0.108678	0.8992917
4860	-31.0612	-52.66153	21.60033	0.4778349	0.500275	0.499725	2.717359
4866	-34.94826	-55.71857	20.77031	1.234685	0.368715	0.631285	2.762111
4872	-35.64252	-58.8582	23.21568	0.9361038	0.738615	0.261385	1.319248
4878	-33.49146	-56.04014	22.54869	1.481041	0.797908	0.202092	1.415483
4884	-34.66457	-57.90029	23.23572	0.9830969	0.929435	0.0705649	1.264568
4890	-30.63048	-54.15045	23.51997	1.299901	0.878516	0.121484	0.4900705
4896	-40.27158	-59.23609	18.96451	1.299901	0.471989	0.528011	3.790677
4902	-46.23943	-68.72252	22.48309	0.4741671	0.582286	0.417714	2.16395
4908	-49.02241	-69.05293	20.03051	2.063479	0.712972	0.287028	2.707656
4914	-32.34775	-56.54787	24.20012	0.6168929	0.761612	0.238388	0.5401792
4920	-26.1948	-50.23065	24.03585	0.0970066	0.535799	0.464201	1.334441
4926	-25.92194	-49.45584	23.5339	0.05507461	0.78726	0.21274	1.738692
4932	-29.25081	-53.48422	24.23341	0.3023261	0.877338	0.122662	0.977217
4938	-32.48866	-55.21838	22.72972	1.558774	0.857578	0.142422	1.206028
4944	-36.62009	-59.41663	22.79654	1.942485	0.312547	0.687453	0.7291861
4950	-30.74263	-54.33872	23.59609	0.6135091	0.952	0.0479996	1.272177
4956	-44.09502	-65.01693	20.92192	0.6683506	0.820225	0.179775	3.012933
4962	-40.32049	-62.44832	22.12783	2.117184	0.470515	0.529485	1.24278
4968	-29.39886	-53.1093	23.71043	0.8019661	0.834893	0.165107	1.000821
4974	-28.61654	-52.43313	23.8166	0.00521505	0.502459	0.497541	1.571824
4980	-30.70886	-54.09421	23.38536	0.01821282	0.58771	0.41229	1.86699
4986	-31.54424	-55.81726	24.27302	0.05285755	0.699945	0.300055	1.173792
4992	-31.58639	-53.31007	21.72368	0.2881915	0.428063	0.571937	2.757913
4998	-30.40957	-54.5032	24.09364	0.3014937	0.428063	0.571937	1.11223
5004	-29.51192	-53.0613	23.54937	1.077384	0.801389	0.198611	0.8784136
5010	-33.75794	-56.98354	23.2256	1.374601	0.769545	0.230455	0.9085681
5016	-38.16178	-59.99031	21.82854	2.280425	0.524743	0.475257	1.353464
5022	-37.42826	-59.038	21.60974	1.632299	0.750456	0.249544	1.97617
5028	-32.82433	-55.50347	22.67914	1.058044	0.45457	0.54543	1.633329
5034	-29.25435	-53.31417	24.05982	0.1285357	0.490716	0.509284	1.289598
5040	-27.16697	-50.30869	23.14172	0.2403681	0.605392	0.394608	1.881639
5046	-38.7867	-61.41093	22.62424	2.022931	0.204413	0.795587	0.8542775
5052	-42.44185	-65.40857	22.96673	0.8130314	0.675429	0.324571	1.602519
5058	-32.56233	-54.9166	22.35428	0.7118707	0.834187	0.165813	2.092783
5064	-34.11796	-57.39521	23.27725	1.542075	0.412974	0.587026	0.5196116
5070	-38.33262	-60.17798	21.84536	0.0376573	0.555401	0.444599	2.836362
5076	-33.16464	-54.72666	21.56202	0.1156577	0.52817	0.47183	2.960442
5082	-32.17142	-54.68053	22.50911	0.6041151	0.672771	0.327229	2.061785
5088	-42.5793	-63.58729	21.00798	3.74741	0.96003	0.0399704	0.702009
5094	-32.79734	-56.02904	23.23171	0.8184684	0.971323	0.028677	1.399625
5100	-32.88848	-56.7207	23.83223	0.1033743	0.738502	0.261498	1.487285
5106	-34.74272	-56.73548	21.99276	1.942844	0.961914	0.0380859	1.487285
5112	-27.99923	-51.78601	23.78678	0.1488269	0.878648	0.121352	1.487285
5118	-30.39778	-51.65327	21.25549	0.3219974	0.896659	0.103341	3.020591
5124	-33.23422	-55.0107	21.77648	0.1488985	0.949007	0.0509933	2.810628
5130	-34.42045	-55.74321	21.32276	0.851657	0.56418	0.43582	2.658233
5136	-27.05294	-50.17966	23.12671	1.2411	0.911061	0.0889388	1.136823
5142	-27.2667	-51.171	23.9043	0.9149619	0.745228	0.254772	0.5204275
5148	-27.14827	-50.11557	22.9673	0.7741895	0.944466	0.0555339	1.630228
5154	-28.60453	-51.77908	23.17454	0.5669406	0.653541	0.346459	1.630228
5160	-33.2938	-55.06314	21.76934	0.1259	0.755813	0.244187	2.828942
5166	-33.56567	-56.5045	22.93883	0.1882674	0.989676	0.0103235	2.052621
5172	-34.54781	-58.27652	23.72871	1.000331	0.533008	0.466992	0.7447109
5178	-33.59139	-57.23128	23.63988	1.089157	0.363102	0.636898	0.7447109
5184	-31.19028	-54.70118	23.5109	0.5889671	0.605556	0.394444	1.360662
5190	-32.85682	-55.64783	22.79102	1.795929	0.886964	0.113036	0.9231642
5196	-33.17988	-56.4299	23.25002	1.528712	0.731153	0.268847	0.3696671
5202	-33.72315	-57.05677	23.33362	1.44768	0.909442	0.0905582	0.6524579
5208	-27.96924	-51.60349	23.63425	0.7973294	0.949499	0.0505013	1.078698
5214	-34.57252	-57.03027	22.45775	1.682461	0.612065	0.387935	1.328549
5220	-33.80539	-55.95785	22.15246	2.182881	0.99428	0.00571953	1.165528
5226	-33.74029	-54.77848	21.03819	3.449352	0.86215	0.13785	0.1947049
5232	-31.67284	-54.82011	23.14727	1.672781	0.952859	0.0471408	0.503433
5238	-35.26167	-57.72991	22.46824	0.7402448	0.838743	0.161257	1.998591
5244	-33.33282	-55.01356	21.68074	0.2929872	0.595809	0.404191	2.781186
5250	-27.97535	-52.12856	24.15321	0.01033319	0.402297	0.597703	1.309765
5256	-31.01157	-54.60934	23.59777	0.06529169	0.664078	0.335922	1.686367
5262	-26.221	-49.52075	23.29975	0.5464116	0.82947	0.17053	1.553922
5268	-25.6235	-48.81343	23.18993	0.2958704	0.995743	0.00425742	1.810519
5274	-32.02047	-53.91112	21.89066	1.595141	0.977989	0.0220106	1.810519
5280	-30.7941	-53.63321	22.83911	0.5496883	0.917998	0.0820016	1.877068
5286	-32.31272	-55.31404	23.00132	1.133396	0.728856	0.271144	1.332948
5292	-33.58023	-55.68018	22.09995	0.3412965	0.925645	0.0743553	2.492666
5298	-29.82749	-53.06876	23.24127	0.7474567	0.738943	0.261057	1.44699
5304	-35.32371	-58.24998	22.92627	0.7017189	0.184043	0.815957	1.711219
5310	-31.44811	-54.03721	22.5891	0.4015282	0.451003	0.548997	2.142218
5316	-25.29903	-49.17054	23.87151	0.5931814	0.644019	0.355981	1.047436
5322	-30.88072	-54.5971	23.71638	1.09141	0.743185	0.256815	0.5825135
5328	-29.22046	-52.07477	22.85431	1.244598	0.876793	0.123207	1.361424
5334	-31.39088	-55.46867	24.07779	0.2974891	0.66403	0.33597	1.130141
5340	-33.10768	-55.49291	22.38523	0.3803672	0.429481	0.570519	2.287551
5346	-33.26188	-56.35149	23.08961	0.3914933	0.783982	0.216018	1.813762
5352	-37.78186	-60.08869	22.30683	2.455863	0.430965	0.569035	0.349176
5358	-43.32427	-65.19052	21.86625	2.661856	0.461636	0.538364	0.9850005
5364	-35.87473	-59.07896	23.20422	0.9333712	0.629065	0.370935	1.330645
5370	-41.59774	-63.43122	21.83348	1.62168	0.965891	0.0341092	1.831635
5376	-40.07361	-59.90979	19.83618	2.104357	0.594469	0.405531	2.8014
5382	-32.32063	-54.58541	22.26478	0.9368241	0.305587	0.694413	2.003174
5388	-32.35176	-55.9105	23.55874	1.218429	0.6253	0.3747	0.6611041
5394	-38.50434	-60.52845	22.02411	0.2802899	0.936708	0.0632916	2.577897
5400	-35.58191	-58.76777	23.18586	1.427303	0.600994	0.399006	0.8940039
5406	-37.65149	-60.38431	22.73282	1.355634	0.732078	0.267922	1.369671
5412	-39.77843	-61.2603	21.48187	0.4387608	0.68717	0.31283	2.813511
5418	-25.61162	-49.37679	23.76518	0.8322702	0.952879	0.0471212	0.9116218
5424	-29.92308	-53.76348	23.8404	0.7570495	0.60227	0.39773	0.9116218
5430	-33.73667	-55.44423	21.70756	0.3810428	0.60227	0.39773	2.710958
5436	-38.16519	-60.5564	22.39121	1.199337	0.929005	0.070995	1.737587
5442	-32.10422	-54.4934	22.38918	1.358836	0.86698	0.13302	1.625512
5448	-27.84597	-52.05515	24.20918	0.4097554	0.936838	0.063162	0.8874278
5454	-34.92039	-58.31374	23.39334	0.2119018	0.810515	0.189485	1.727255
5460	-33.35186	-56.95249	23.60063	0.2681259	0.829378	0.170622	1.537218
5466	-36.15414	-58.98009	22.82595	1.243411	0.143599	0.856401	1.384659
5472	-31.79011	-55.36073	23.57062	0.3504785	0.525865	0.474135	1.498194
5478	-32.83812	-55.90835	23.07023	1.617185	0.552459	0.447541	0.8035386
5484	-34.39673	-57.82422	23.42749	0.0698327	0.959032	0.0409678	1.802549
5490	-36.2366	-59.63337	23.39677	0.9702384	0.270562	0.729438	1.137539
5496	-38.96278	-62.986	24.02322	0.7289599	0.319421	0.680579	0.3376577
5502	-32.69129	-56.35095	23.65966	1.095543	0.705834	0.294166	0.702344
5508	-35.55381	-57.949	22.39519	0.5346081	0.56549	0.43451	2.181783
5514	-37.59184	-59.15184	21.56	0.95507	0.734604	0.265396	2.446381
5520	-32.244	-55.61918	23.37518	0.4305741	0.729575	0.270425	1.58358
5526	-31.1466	-53.69661	22.55001	1.140428	0.50063	0.49937	1.666863
5532	-35.39199	-57.4099	22.01791	2.084477	0.29284	0.70716	1.358674
5538	-31.34167	-54.42057	23.0789	1.227084	0.900343	0.099657	1.191027
5544	-32.14943	-53.81677	21.66734	0.8976631	0.688719	0.311281	2.414949
5550	-35.51233	-57.29531	21.78298	0.7820257	0.922609	0.0773906	2.414949
5556	-30.27029	-53.2342	22.96391	1.17845	0.752512	0.247488	1.326827
5562	-32.68928	-56.09681	23.40753	1.204585	0.781581	0.218419	0.895196
5568	-32.44886	-55.70756	23.2587	1.204585	0.973224	0.0267764	1.048787
5574	-32.52667	-55.27775	22.75107	0.6790466	0.309141	0.690859	1.848826
5580	-30.55009	-52.94355	22.39346	0.4688672	0.479239	0.520761	2.22542
5586	-29.35159	-51.97421	22.62262	0.3719358	0.580078	0.419922	2.139654
5592	-31.96296	-53.7497	21.78674	0.7479407	0.80531	0.19469	2.43405
5598	-34.36666	-55.51122	21.14456	1.39012	0.532246	0.467754	2.43405
5604	-30.89331	-54.62422	23.73091	1.080695	0.697725	0.302275	0.5679081
5610	-29.84806	-54.03572	24.18766	0.6302301	0.282603	0.717397	0.467709
5616	-38.47827	-54.77793	16.29966	1.012577	0.696521	0.303479	5.44813
5622	-33.54336	-56.9366	23.39324	1.237718	0.656603	0.343397	0.8735189
5628	-33.86141	-57.63692	23.77551	0.4324601	0.898225	0.101775	1.273517
5634	-31.70476	-54.9541	23.24934	0.367418	0.646945	0.353055	1.719144
5640	-36.74905	-60.44353	23.69448	1.089108	0.845063	0.154937	0.6474879
5646	-41.4034	-62.63525	21.23185	2.356258	0.918825	0.0811754	1.739294
5652	-35.69114	-57.62231	21.93118	1.279931	0.893334	0.106666	1.996841
5658	-40.06608	-61.19885	21.13277	0.4949149	0.477546	0.522454	2.990486
5664	-38.97704	-60.48378	21.50675	0.1209399	0.788767	0.211233	2.990486
5670	-40.62169	-61.38463	20.76294	0.8647482	0.570035	0.429965	2.990486
5676	-29.40333	-53.23407	23.83074	0.9672245	0.726761	0.273239	0.6126499
5682	-32.10898	-56.07096	23.96198	0.7910755	0.926642	0.0733581	0.7060507
5688	-35.73138	-58.56244	22.83106	0.08763723	0.700401	0.299599	2.188979
5694	-33.04225	-57.79815	24.7559	0.01524948	0.468023	0.531977	0.3594629
5700	-36.35209	-59.32137	22.96929	1.844399	0.854503	0.145497	0.5586568
